2025-09-04 11:56:39,993 - INFO - Starting Eyecandy scraper...
2025-09-04 11:56:52,169 - INFO - Discovered 9 pages to scrape
2025-09-04 11:56:52,170 - INFO - Scraping 9 pages...
2025-09-04 11:56:52,170 - INFO - Scraping page 1/9: https://eyecandy.com
2025-09-04 11:56:59,291 - INFO - Found 0 WebP videos on https://eyecandy.com
2025-09-04 11:56:59,292 - INFO - Scraping page 2/9: https://eyecandy.com/tutorials/?tx_tutorial_category=eye-candy
2025-09-04 11:57:06,928 - ERROR - Request failed for https://eyecandy.com/tutorials/?tx_tutorial_category=eye-candy: 404 Client Error: Not Found for url: https://eyecandy.com/tutorials/?tx_tutorial_category=eye-candy
2025-09-04 11:57:06,931 - INFO - Scraping page 3/9: https://eyecandy.com#d1c85fdc22c227f93
2025-09-04 11:57:16,869 - INFO - Found 0 WebP videos on https://eyecandy.com#d1c85fdc22c227f93
2025-09-04 11:57:16,870 - INFO - Scraping page 4/9: https://eyecandy.com#requirements
2025-09-04 11:57:27,128 - INFO - Found 0 WebP videos on https://eyecandy.com#requirements
2025-09-04 11:57:27,129 - INFO - Scraping page 5/9: https://eyecandy.com/eyecandy/eye-candy-examples/
2025-09-04 11:57:35,153 - ERROR - Request failed for https://eyecandy.com/eyecandy/eye-candy-examples/: 404 Client Error: Not Found for url: https://eyecandy.com/eyecandy/eye-candy-examples/
2025-09-04 11:57:35,154 - INFO - Scraping page 6/9: https://eyecandy.com/
2025-09-04 11:57:47,512 - INFO - Found 0 WebP videos on https://eyecandy.com/
2025-09-04 11:57:47,514 - INFO - Scraping page 7/9: https://eyecandy.com#e1867c72109be5f86
2025-09-04 11:57:58,595 - INFO - Found 0 WebP videos on https://eyecandy.com#e1867c72109be5f86
2025-09-04 11:57:58,596 - INFO - Scraping page 8/9: https://eyecandy.com#buy
2025-09-04 11:58:05,706 - INFO - Found 0 WebP videos on https://eyecandy.com#buy
2025-09-04 11:58:05,708 - INFO - Scraping page 9/9: https://eyecandy.com#content
2025-09-04 11:58:17,103 - INFO - Found 0 WebP videos on https://eyecandy.com#content
2025-09-04 11:58:17,104 - INFO - Data saved to data/eyecandy_videos_20250904_115817.json and data/eyecandy_videos_20250904_115817.csv
2025-09-04 11:58:17,104 - INFO - Scraping completed! Found 0 WebP videos across 0 categories.
2025-09-04 11:59:22,644 - INFO - Starting Eyecandy scraper...
2025-09-04 11:59:24,590 - INFO - Discovered 18 pages to scrape
2025-09-04 11:59:24,590 - INFO - Scraping 18 pages...
2025-09-04 11:59:24,590 - INFO - Scraping page 1/18: https://eyecannndy.zip/decoupage
2025-09-04 11:59:26,388 - INFO - Found 0 WebP videos on https://eyecannndy.zip/decoupage
2025-09-04 11:59:26,388 - INFO - Scraping page 2/18: https://eyecannndy.zip/
2025-09-04 11:59:27,591 - INFO - Found 0 WebP videos on https://eyecannndy.zip/
2025-09-04 11:59:27,591 - INFO - Scraping page 3/18: https://eyecannndy.zip/super-zoom
2025-09-04 11:59:29,443 - INFO - Found 0 WebP videos on https://eyecannndy.zip/super-zoom
2025-09-04 11:59:29,444 - INFO - Scraping page 4/18: https://eyecannndy.zip/spotlight
2025-09-04 11:59:31,057 - INFO - Found 0 WebP videos on https://eyecannndy.zip/spotlight
2025-09-04 11:59:31,057 - INFO - Scraping page 5/18: https://eyecannndy.zip/submissions
2025-09-04 11:59:32,662 - INFO - Found 1 WebP videos on https://eyecannndy.zip/submissions
2025-09-04 11:59:32,662 - INFO - Scraping page 6/18: https://eyecannndy.zip/stylistic-suck
2025-09-04 11:59:34,245 - INFO - Found 0 WebP videos on https://eyecannndy.zip/stylistic-suck
2025-09-04 11:59:34,245 - INFO - Scraping page 7/18: https://eyecannndy.zip/timelapse
2025-09-04 11:59:36,045 - INFO - Found 0 WebP videos on https://eyecannndy.zip/timelapse
2025-09-04 11:59:36,045 - INFO - Scraping page 8/18: https://eyecannndy.zip/surrealism
2025-09-04 11:59:37,901 - INFO - Found 0 WebP videos on https://eyecannndy.zip/surrealism
2025-09-04 11:59:37,902 - INFO - Scraping page 9/18: https://eyecannndy.zip/transition-roll
2025-09-04 11:59:39,579 - INFO - Found 0 WebP videos on https://eyecannndy.zip/transition-roll
2025-09-04 11:59:39,579 - INFO - Scraping page 10/18: https://eyecannndy.zip/kintsugi
2025-09-04 11:59:40,934 - INFO - Found 0 WebP videos on https://eyecannndy.zip/kintsugi
2025-09-04 11:59:40,935 - INFO - Data saved to data/eyecandy_videos_20250904_115940.json and data/eyecandy_videos_20250904_115940.csv
2025-09-04 11:59:40,935 - INFO - Progress saved. Total videos found: 1
2025-09-04 11:59:40,935 - INFO - Scraping page 11/18: https://eyecannndy.zip/stop-motion
2025-09-04 11:59:42,622 - INFO - Found 0 WebP videos on https://eyecannndy.zip/stop-motion
2025-09-04 11:59:42,623 - INFO - Scraping page 12/18: https://eyecannndy.zip/eyecandy-3
2025-09-04 11:59:44,427 - INFO - Found 0 WebP videos on https://eyecannndy.zip/eyecandy-3
2025-09-04 11:59:44,427 - INFO - Scraping page 13/18: https://eyecannndy.zip/badge
2025-09-04 11:59:46,171 - INFO - Found 0 WebP videos on https://eyecannndy.zip/badge
2025-09-04 11:59:46,172 - INFO - Scraping page 14/18: https://eyecannndy.zip/tilt
2025-09-04 11:59:47,672 - INFO - Found 0 WebP videos on https://eyecannndy.zip/tilt
2025-09-04 11:59:47,672 - INFO - Scraping page 15/18: https://eyecannndy.zip/cart
2025-09-04 11:59:49,315 - INFO - Found 0 WebP videos on https://eyecannndy.zip/cart
2025-09-04 11:59:49,316 - INFO - Scraping page 16/18: https://eyecannndy.zip/tracking-shot
2025-09-04 11:59:50,838 - INFO - Found 0 WebP videos on https://eyecannndy.zip/tracking-shot
2025-09-04 11:59:50,838 - INFO - Scraping page 17/18: https://eyecannndy.zip#page
2025-09-04 11:59:52,088 - INFO - Found 0 WebP videos on https://eyecannndy.zip#page
2025-09-04 11:59:52,089 - INFO - Scraping page 18/18: https://eyecannndy.zip/slow-motion
2025-09-04 11:59:53,736 - INFO - Found 0 WebP videos on https://eyecannndy.zip/slow-motion
2025-09-04 11:59:53,737 - INFO - Data saved to data/eyecandy_videos_20250904_115953.json and data/eyecandy_videos_20250904_115953.csv
2025-09-04 11:59:53,737 - INFO - Scraping completed! Found 1 WebP videos across 1 categories.
2025-09-04 12:02:56,075 - INFO - Starting Eyecandy scraper...
2025-09-04 12:03:03,651 - INFO - Discovered 9 pages to scrape
2025-09-04 12:03:03,652 - INFO - Scraping 9 pages...
2025-09-04 12:03:03,652 - INFO - Scraping page 1/9: https://eyecandy.com#content
2025-09-04 12:03:13,661 - INFO - Found 0 WebP videos on https://eyecandy.com#content
2025-09-04 12:03:13,662 - INFO - Scraping page 2/9: https://eyecandy.com#requirements
2025-09-04 12:03:23,452 - INFO - Found 0 WebP videos on https://eyecandy.com#requirements
2025-09-04 12:03:23,454 - INFO - Scraping page 3/9: https://eyecandy.com/tutorials/?tx_tutorial_category=eye-candy
2025-09-04 12:03:28,062 - ERROR - Request failed for https://eyecandy.com/tutorials/?tx_tutorial_category=eye-candy: 404 Client Error: Not Found for url: https://eyecandy.com/tutorials/?tx_tutorial_category=eye-candy
2025-09-04 12:03:28,063 - INFO - Scraping page 4/9: https://eyecandy.com#e1867c72109be5f86
2025-09-04 12:03:39,003 - INFO - Found 0 WebP videos on https://eyecandy.com#e1867c72109be5f86
2025-09-04 12:03:39,005 - INFO - Scraping page 5/9: https://eyecandy.com#buy
2025-09-04 12:03:49,364 - INFO - Found 0 WebP videos on https://eyecandy.com#buy
2025-09-04 12:03:49,365 - INFO - Scraping page 6/9: https://eyecandy.com#d1c85fdc22c227f93
2025-09-04 12:04:00,762 - INFO - Found 0 WebP videos on https://eyecandy.com#d1c85fdc22c227f93
2025-09-04 12:04:00,763 - INFO - Scraping page 7/9: https://eyecandy.com/
2025-09-04 12:04:13,243 - INFO - Found 0 WebP videos on https://eyecandy.com/
2025-09-04 12:04:13,244 - INFO - Scraping page 8/9: https://eyecandy.com/eyecandy/eye-candy-examples/
2025-09-04 12:04:21,789 - ERROR - Request failed for https://eyecandy.com/eyecandy/eye-candy-examples/: 404 Client Error: Not Found for url: https://eyecandy.com/eyecandy/eye-candy-examples/
2025-09-04 12:04:21,791 - INFO - Scraping page 9/9: https://eyecandy.com
2025-09-04 12:04:33,103 - INFO - Found 0 WebP videos on https://eyecandy.com
2025-09-04 12:04:33,104 - INFO - Data saved to data/eyecandy_videos_20250904_120433.json and data/eyecandy_videos_20250904_120433.csv
2025-09-04 12:04:33,105 - INFO - Scraping completed! Found 0 WebP videos across 0 categories.
2025-09-04 12:04:33,106 - INFO - Starting Eyecandy scraper...
2025-09-04 12:04:36,362 - INFO - Discovered 18 pages to scrape
2025-09-04 12:04:36,363 - INFO - Scraping 5 pages...
2025-09-04 12:04:36,363 - INFO - Scraping page 1/5: https://eyecannndy.zip/tilt
2025-09-04 12:04:39,184 - INFO - Found 0 WebP videos on https://eyecannndy.zip/tilt
2025-09-04 12:04:39,185 - INFO - Scraping page 2/5: https://eyecannndy.zip/transition-roll
2025-09-04 12:04:41,519 - INFO - Found 0 WebP videos on https://eyecannndy.zip/transition-roll
2025-09-04 12:04:41,519 - INFO - Scraping page 3/5: https://eyecannndy.zip/timelapse
2025-09-04 12:04:44,201 - INFO - Found 0 WebP videos on https://eyecannndy.zip/timelapse
2025-09-04 12:04:44,201 - INFO - Scraping page 4/5: https://eyecannndy.zip/submissions
2025-09-04 12:04:46,562 - INFO - Found 1 WebP videos on https://eyecannndy.zip/submissions
2025-09-04 12:04:46,562 - INFO - Scraping page 5/5: https://eyecannndy.zip/super-zoom
2025-09-04 12:04:48,986 - INFO - Found 0 WebP videos on https://eyecannndy.zip/super-zoom
2025-09-04 12:04:48,986 - INFO - Data saved to data/eyecandy_videos_20250904_120448.json and data/eyecandy_videos_20250904_120448.csv
2025-09-04 12:04:48,986 - INFO - Scraping completed! Found 1 WebP videos across 1 categories.
2025-09-04 12:04:48,987 - INFO - Starting Eyecandy scraper...
2025-09-04 12:05:00,340 - INFO - Discovered 9 pages to scrape
2025-09-04 12:05:00,342 - INFO - Scraping 3 pages...
2025-09-04 12:05:00,342 - INFO - Scraping page 1/3: https://eyecandy.com#content
2025-09-04 12:05:11,394 - INFO - Found 0 WebP videos on https://eyecandy.com#content
2025-09-04 12:05:11,395 - INFO - Scraping page 2/3: https://eyecandy.com#requirements
2025-09-04 12:05:22,074 - INFO - Found 0 WebP videos on https://eyecandy.com#requirements
2025-09-04 12:05:22,076 - INFO - Scraping page 3/3: https://eyecandy.com/tutorials/?tx_tutorial_category=eye-candy
2025-09-04 12:05:30,311 - ERROR - Request failed for https://eyecandy.com/tutorials/?tx_tutorial_category=eye-candy: 404 Client Error: Not Found for url: https://eyecandy.com/tutorials/?tx_tutorial_category=eye-candy
2025-09-04 12:05:30,314 - INFO - Data saved to data/eyecandy_videos_20250904_120530.json and data/eyecandy_videos_20250904_120530.csv
2025-09-04 12:05:30,315 - INFO - Scraping completed! Found 0 WebP videos across 0 categories.
2025-09-04 12:10:37,267 - INFO - Starting Eyecandy scraper...
2025-09-04 12:10:39,796 - ERROR - Request failed for https://eyecannndy.com: 403 Client Error: Forbidden for url: https://eyecannndy.com/
2025-09-04 12:10:39,799 - ERROR - Failed to access main page
2025-09-04 12:10:39,800 - INFO - Scraping 0 pages...
2025-09-04 12:10:39,800 - INFO - Data saved to data/eyecandy_videos_20250904_121039.json and data/eyecandy_videos_20250904_121039.csv
2025-09-04 12:10:39,801 - INFO - Scraping completed! Found 0 WebP videos across 0 categories.
2025-09-04 12:11:01,536 - INFO - Starting Eyecandy scraper...
2025-09-04 12:11:03,565 - ERROR - Request failed for https://eyecannndy.com: 403 Client Error: Forbidden for url: https://eyecannndy.com/
2025-09-04 12:11:03,566 - ERROR - Failed to access main page
2025-09-04 12:11:03,566 - INFO - Scraping 0 pages...
2025-09-04 12:11:03,567 - INFO - Data saved to data/eyecandy_videos_20250904_121103.json and data/eyecandy_videos_20250904_121103.csv
2025-09-04 12:11:03,567 - INFO - Scraping completed! Found 0 WebP videos across 0 categories.
2025-09-04 12:15:07,447 - INFO - Starting Eyecandy scraper...
2025-09-04 12:15:09,210 - ERROR - Request failed for https://eyecannndy.com: 403 Client Error: Forbidden for url: https://eyecannndy.com/
2025-09-04 12:15:09,211 - INFO - Requests failed, trying with Selenium...
2025-09-04 12:15:09,211 - INFO - ====== WebDriver manager ======
2025-09-04 12:15:09,327 - INFO - Get LATEST chromedriver version for google-chrome
2025-09-04 12:15:10,033 - INFO - Get LATEST chromedriver version for google-chrome
2025-09-04 12:15:10,649 - INFO - There is no [mac64] chromedriver "139.0.7258.154" for browser google-chrome "139.0.7258" in cache
2025-09-04 12:15:10,662 - INFO - Get LATEST chromedriver version for google-chrome
2025-09-04 12:15:12,351 - INFO - WebDriver version 139.0.7258.154 selected
2025-09-04 12:15:12,356 - INFO - Modern chrome version https://storage.googleapis.com/chrome-for-testing-public/139.0.7258.154/mac-arm64/chromedriver-mac-arm64.zip
2025-09-04 12:15:12,356 - INFO - About to download new driver from https://storage.googleapis.com/chrome-for-testing-public/139.0.7258.154/mac-arm64/chromedriver-mac-arm64.zip
2025-09-04 12:15:13,162 - INFO - Driver downloading response is 200
2025-09-04 12:15:20,875 - INFO - Get LATEST chromedriver version for google-chrome
2025-09-04 12:15:21,615 - INFO - Driver has been saved in cache [/Users/samueladeyemi/.wdm/drivers/chromedriver/mac64/139.0.7258.154]
2025-09-04 12:15:23,750 - INFO - Selenium WebDriver initialized successfully
2025-09-04 12:15:45,799 - INFO - Discovered 151 pages to scrape
2025-09-04 12:15:45,799 - INFO - Scraping 50 pages...
2025-09-04 12:15:45,799 - INFO - Scraping page 1/50: https://eyecannndy.com/technique/omnidirectional
2025-09-04 12:15:49,044 - ERROR - Request failed for https://eyecannndy.com/technique/omnidirectional: 403 Client Error: Forbidden for url: https://eyecannndy.com/technique/omnidirectional
2025-09-04 12:15:54,642 - INFO - Found 45 WebP videos on https://eyecannndy.com/technique/omnidirectional
2025-09-04 12:15:54,642 - INFO - Scraping page 2/50: https://eyecannndy.com/technique/scale-shift
2025-09-04 12:15:58,259 - ERROR - Request failed for https://eyecannndy.com/technique/scale-shift: 403 Client Error: Forbidden for url: https://eyecannndy.com/technique/scale-shift
2025-09-04 12:16:06,341 - INFO - Found 219 WebP videos on https://eyecannndy.com/technique/scale-shift
2025-09-04 12:16:06,341 - INFO - Scraping page 3/50: https://eyecannndy.com/technique/double-exposure
2025-09-04 12:16:09,721 - ERROR - Request failed for https://eyecannndy.com/technique/double-exposure: 403 Client Error: Forbidden for url: https://eyecannndy.com/technique/double-exposure
2025-09-04 12:16:15,033 - INFO - Found 90 WebP videos on https://eyecannndy.com/technique/double-exposure
2025-09-04 12:16:15,033 - INFO - Scraping page 4/50: mailto:Jacobi@eyecannndy.com
2025-09-04 12:16:16,038 - ERROR - Request failed for mailto:Jacobi@eyecannndy.com: No connection adapters were found for 'mailto:Jacobi@eyecannndy.com'
2025-09-04 12:16:19,786 - INFO - Found 90 WebP videos on mailto:Jacobi@eyecannndy.com
2025-09-04 12:16:19,786 - INFO - Scraping page 5/50: https://eyecannndy.com/technique/mixed-media
2025-09-04 12:16:21,683 - ERROR - Request failed for https://eyecannndy.com/technique/mixed-media: 403 Client Error: Forbidden for url: https://eyecannndy.com/technique/mixed-media
2025-09-04 12:16:25,802 - INFO - Found 85 WebP videos on https://eyecannndy.com/technique/mixed-media
2025-09-04 12:16:25,802 - INFO - Scraping page 6/50: https://eyecannndy.com/technique/camera-roll
2025-09-04 12:16:30,824 - ERROR - Request failed for https://eyecannndy.com/technique/camera-roll: 403 Client Error: Forbidden for url: https://eyecannndy.com/technique/camera-roll
2025-09-04 12:16:37,713 - INFO - Found 85 WebP videos on https://eyecannndy.com/technique/camera-roll
2025-09-04 12:16:37,713 - INFO - Scraping page 7/50: https://eyecannndy.com/technique/digital-overlay
2025-09-04 12:16:40,480 - ERROR - Request failed for https://eyecannndy.com/technique/digital-overlay: 403 Client Error: Forbidden for url: https://eyecannndy.com/technique/digital-overlay
2025-09-04 12:16:44,546 - INFO - Found 52 WebP videos on https://eyecannndy.com/technique/digital-overlay
2025-09-04 12:16:44,546 - INFO - Scraping page 8/50: https://eyecannndy.com/technique/slit-scan
2025-09-04 12:16:53,204 - ERROR - Request failed for https://eyecannndy.com/technique/slit-scan: 403 Client Error: Forbidden for url: https://eyecannndy.com/technique/slit-scan
2025-09-04 12:16:56,962 - INFO - Found 55 WebP videos on https://eyecannndy.com/technique/slit-scan
2025-09-04 12:16:56,962 - INFO - Scraping page 9/50: https://eyecannndy.com/technique/crash-transition
2025-09-04 12:16:59,578 - ERROR - Request failed for https://eyecannndy.com/technique/crash-transition: 403 Client Error: Forbidden for url: https://eyecannndy.com/technique/crash-transition
2025-09-04 12:17:04,030 - INFO - Found 12 WebP videos on https://eyecannndy.com/technique/crash-transition
2025-09-04 12:17:04,031 - INFO - Scraping page 10/50: https://eyecannndy.com/technique/split-screen
2025-09-04 12:17:08,343 - ERROR - Request failed for https://eyecannndy.com/technique/split-screen: 403 Client Error: Forbidden for url: https://eyecannndy.com/technique/split-screen
2025-09-04 12:17:12,988 - INFO - Found 134 WebP videos on https://eyecannndy.com/technique/split-screen
2025-09-04 12:17:12,998 - INFO - Data saved to data/eyecandy_videos_20250904_121712.json and data/eyecandy_videos_20250904_121712.csv
2025-09-04 12:17:12,999 - INFO - Progress saved. Total videos found: 867
2025-09-04 12:17:12,999 - INFO - Scraping page 11/50: https://eyecannndy.com/technique/match-split
2025-09-04 12:17:15,943 - ERROR - Request failed for https://eyecannndy.com/technique/match-split: 403 Client Error: Forbidden for url: https://eyecannndy.com/technique/match-split
2025-09-04 12:17:19,797 - INFO - Found 66 WebP videos on https://eyecannndy.com/technique/match-split
2025-09-04 12:17:19,797 - INFO - Scraping page 12/50: https://eyecannndy.com/technique/silhouette
2025-09-04 12:17:26,204 - ERROR - Request failed for https://eyecannndy.com/technique/silhouette: 403 Client Error: Forbidden for url: https://eyecannndy.com/technique/silhouette
2025-09-04 12:17:31,161 - INFO - Found 143 WebP videos on https://eyecannndy.com/technique/silhouette
2025-09-04 12:17:31,161 - INFO - Scraping page 13/50: https://eyecannndy.com/technique/bolt-cam
2025-09-04 12:17:34,826 - ERROR - Request failed for https://eyecannndy.com/technique/bolt-cam: 403 Client Error: Forbidden for url: https://eyecannndy.com/technique/bolt-cam
2025-09-04 12:18:18,208 - INFO - Found 34 WebP videos on https://eyecannndy.com/technique/bolt-cam
2025-09-04 12:18:18,208 - INFO - Scraping page 14/50: https://eyecannndy.com/technique/wigglegram
2025-09-04 12:18:19,878 - ERROR - Request failed for https://eyecannndy.com/technique/wigglegram: 403 Client Error: Forbidden for url: https://eyecannndy.com/technique/wigglegram
2025-09-04 12:18:24,547 - INFO - Found 40 WebP videos on https://eyecannndy.com/technique/wigglegram
2025-09-04 12:18:24,547 - INFO - Scraping page 15/50: https://eyecannndy.com/technique/two-shot
2025-09-04 12:18:28,217 - ERROR - Request failed for https://eyecannndy.com/technique/two-shot: 403 Client Error: Forbidden for url: https://eyecannndy.com/technique/two-shot
2025-09-04 12:18:32,019 - INFO - Found 173 WebP videos on https://eyecannndy.com/technique/two-shot
2025-09-04 12:18:32,019 - INFO - Scraping page 16/50: https://eyecannndy.com/technique/falling
2025-09-04 12:18:40,458 - ERROR - Request failed for https://eyecannndy.com/technique/falling: 403 Client Error: Forbidden for url: https://eyecannndy.com/technique/falling
2025-09-04 12:18:44,715 - INFO - Found 90 WebP videos on https://eyecannndy.com/technique/falling
2025-09-04 12:18:44,715 - INFO - Scraping page 17/50: https://eyecannndy.com/technique/underwater
2025-09-04 12:18:47,081 - ERROR - Request failed for https://eyecannndy.com/technique/underwater: 403 Client Error: Forbidden for url: https://eyecannndy.com/technique/underwater
2025-09-04 12:18:59,246 - INFO - Found 55 WebP videos on https://eyecannndy.com/technique/underwater
2025-09-04 12:18:59,247 - INFO - Scraping page 18/50: https://eyecannndy.com/featured/
2025-09-04 12:19:00,909 - ERROR - Request failed for https://eyecannndy.com/featured/: 403 Client Error: Forbidden for url: https://eyecannndy.com/featured/
2025-09-04 12:19:12,401 - INFO - Found 0 WebP videos on https://eyecannndy.com/featured/
2025-09-04 12:19:12,401 - INFO - Scraping page 19/50: https://eyecannndy.com/technique/anthropomorphism
2025-09-04 12:19:14,115 - ERROR - Request failed for https://eyecannndy.com/technique/anthropomorphism: 403 Client Error: Forbidden for url: https://eyecannndy.com/technique/anthropomorphism
2025-09-04 12:19:17,848 - INFO - Found 62 WebP videos on https://eyecannndy.com/technique/anthropomorphism
2025-09-04 12:19:17,848 - INFO - Scraping page 20/50: https://eyecannndy.com/technique/dolly-zoom
2025-09-04 12:19:20,645 - ERROR - Request failed for https://eyecannndy.com/technique/dolly-zoom: 403 Client Error: Forbidden for url: https://eyecannndy.com/technique/dolly-zoom
2025-09-04 12:19:26,047 - INFO - Found 71 WebP videos on https://eyecannndy.com/technique/dolly-zoom
2025-09-04 12:19:26,065 - INFO - Data saved to data/eyecandy_videos_20250904_121926.json and data/eyecandy_videos_20250904_121926.csv
2025-09-04 12:19:26,066 - INFO - Progress saved. Total videos found: 1601
2025-09-04 12:19:26,066 - INFO - Scraping page 21/50: https://eyecannndy.com/technique/slow-motion
2025-09-04 12:19:28,954 - ERROR - Request failed for https://eyecannndy.com/technique/slow-motion: 403 Client Error: Forbidden for url: https://eyecannndy.com/technique/slow-motion
2025-09-04 12:19:32,833 - INFO - Found 175 WebP videos on https://eyecannndy.com/technique/slow-motion
2025-09-04 12:19:32,833 - INFO - Scraping page 22/50: https://eyecannndy.com/technique/video-game
2025-09-04 12:19:35,094 - ERROR - Request failed for https://eyecannndy.com/technique/video-game: 403 Client Error: Forbidden for url: https://eyecannndy.com/technique/video-game
2025-09-04 12:19:39,065 - INFO - Found 46 WebP videos on https://eyecannndy.com/technique/video-game
2025-09-04 12:19:39,065 - INFO - Scraping page 23/50: https://eyecannndy.com/technique/tableau-shots
2025-09-04 12:19:42,710 - ERROR - Request failed for https://eyecannndy.com/technique/tableau-shots: 403 Client Error: Forbidden for url: https://eyecannndy.com/technique/tableau-shots
2025-09-04 12:19:46,694 - INFO - Found 82 WebP videos on https://eyecannndy.com/technique/tableau-shots
2025-09-04 12:19:46,694 - INFO - Scraping page 24/50: https://eyecannndy.com/technique/surrealism
2025-09-04 12:19:49,929 - ERROR - Request failed for https://eyecannndy.com/technique/surrealism: 403 Client Error: Forbidden for url: https://eyecannndy.com/technique/surrealism
2025-09-04 12:19:54,450 - INFO - Found 105 WebP videos on https://eyecannndy.com/technique/surrealism
2025-09-04 12:19:54,451 - INFO - Scraping page 25/50: https://eyecannndy.com/technique/fpv-drone
2025-09-04 12:19:59,260 - ERROR - Request failed for https://eyecannndy.com/technique/fpv-drone: 403 Client Error: Forbidden for url: https://eyecannndy.com/technique/fpv-drone
2025-09-04 12:20:03,906 - INFO - Found 95 WebP videos on https://eyecannndy.com/technique/fpv-drone
2025-09-04 12:20:03,906 - INFO - Scraping page 26/50: https://eyecannndy.com/resources/
2025-09-04 12:20:11,422 - ERROR - Request failed for https://eyecannndy.com/resources/: 403 Client Error: Forbidden for url: https://eyecannndy.com/resources/
2025-09-04 12:20:17,713 - INFO - Found 0 WebP videos on https://eyecannndy.com/resources/
2025-09-04 12:20:17,713 - INFO - Scraping page 27/50: https://eyecannndy.com/technique/dystopian
2025-09-04 12:20:20,528 - ERROR - Request failed for https://eyecannndy.com/technique/dystopian: 403 Client Error: Forbidden for url: https://eyecannndy.com/technique/dystopian
2025-09-04 12:20:24,795 - INFO - Found 31 WebP videos on https://eyecannndy.com/technique/dystopian
2025-09-04 12:20:24,796 - INFO - Scraping page 28/50: https://eyecannndy.com/technique/collage
2025-09-04 12:20:28,829 - ERROR - Request failed for https://eyecannndy.com/technique/collage: 403 Client Error: Forbidden for url: https://eyecannndy.com/technique/collage
2025-09-04 12:20:34,156 - INFO - Found 111 WebP videos on https://eyecannndy.com/technique/collage
2025-09-04 12:20:34,157 - INFO - Scraping page 29/50: https://eyecannndy.com/breakdown/kid-culture
2025-09-04 12:20:37,576 - ERROR - Request failed for https://eyecannndy.com/breakdown/kid-culture: 403 Client Error: Forbidden for url: https://eyecannndy.com/breakdown/kid-culture
2025-09-04 12:22:37,587 - ERROR - Selenium request failed for https://eyecannndy.com/breakdown/kid-culture: HTTPConnectionPool(host='localhost', port=57378): Read timed out. (read timeout=120)
2025-09-04 12:22:37,588 - INFO - Scraping page 30/50: https://eyecannndy.com/technique/worms-eye
2025-09-04 12:22:41,730 - ERROR - Request failed for https://eyecannndy.com/technique/worms-eye: 403 Client Error: Forbidden for url: https://eyecannndy.com/technique/worms-eye
2025-09-04 12:24:05,794 - INFO - Found 76 WebP videos on https://eyecannndy.com/technique/worms-eye
2025-09-04 12:24:05,829 - INFO - Data saved to data/eyecandy_videos_20250904_122405.json and data/eyecandy_videos_20250904_122405.csv
2025-09-04 12:24:05,830 - INFO - Progress saved. Total videos found: 2322
2025-09-04 12:24:05,830 - INFO - Scraping page 31/50: https://eyecannndy.com/technique/focal-shift
2025-09-04 12:24:10,648 - ERROR - Request failed for https://eyecannndy.com/technique/focal-shift: 403 Client Error: Forbidden for url: https://eyecannndy.com/technique/focal-shift
2025-09-04 12:24:15,030 - INFO - Found 36 WebP videos on https://eyecannndy.com/technique/focal-shift
2025-09-04 12:24:15,030 - INFO - Scraping page 32/50: https://eyecannndy.com/technique/stylistic-suck
2025-09-04 12:24:20,013 - ERROR - Request failed for https://eyecannndy.com/technique/stylistic-suck: 403 Client Error: Forbidden for url: https://eyecannndy.com/technique/stylistic-suck
2025-09-04 12:24:25,369 - INFO - Found 52 WebP videos on https://eyecannndy.com/technique/stylistic-suck
2025-09-04 12:24:25,369 - INFO - Scraping page 33/50: https://eyecannndy.com/technique/hard-light
2025-09-04 12:24:30,103 - ERROR - Request failed for https://eyecannndy.com/technique/hard-light: 403 Client Error: Forbidden for url: https://eyecannndy.com/technique/hard-light
2025-09-04 12:24:34,406 - INFO - Found 51 WebP videos on https://eyecannndy.com/technique/hard-light
2025-09-04 12:24:34,406 - INFO - Scraping page 34/50: https://eyecannndy.com/technique/zoom-in#crash-zoom
2025-09-04 12:24:39,289 - ERROR - Request failed for https://eyecannndy.com/technique/zoom-in#crash-zoom: 403 Client Error: Forbidden for url: https://eyecannndy.com/technique/zoom-in#crash-zoom
2025-09-04 12:25:05,812 - INFO - Starting Eyecandy scraper...
2025-09-04 12:25:05,812 - INFO - Discovered 137 technique pages to scrape
2025-09-04 12:25:05,812 - INFO - Scraping 50 pages...
2025-09-04 12:25:05,813 - INFO - Scraping page 1/50: https://eyecannndy.com/technique/aerial
2025-09-04 12:25:08,113 - ERROR - Request failed for https://eyecannndy.com/technique/aerial: 403 Client Error: Forbidden for url: https://eyecannndy.com/technique/aerial
2025-09-04 12:25:08,115 - INFO - ====== WebDriver manager ======
2025-09-04 12:25:08,238 - INFO - Get LATEST chromedriver version for google-chrome
2025-09-04 12:25:09,050 - INFO - Get LATEST chromedriver version for google-chrome
2025-09-04 12:25:09,840 - INFO - Driver [/Users/samueladeyemi/.wdm/drivers/chromedriver/mac64/139.0.7258.154/chromedriver-mac-arm64/chromedriver] found in cache
2025-09-04 12:25:10,440 - INFO - Selenium WebDriver initialized successfully
2025-09-04 12:27:10,444 - ERROR - Selenium request failed for https://eyecannndy.com/technique/aerial: HTTPConnectionPool(host='localhost', port=57256): Read timed out. (read timeout=120)
2025-09-04 12:27:10,445 - INFO - Scraping page 2/50: https://eyecannndy.com/technique/altered-state
2025-09-04 12:27:41,149 - ERROR - Request failed for https://eyecannndy.com/technique/altered-state: HTTPSConnectionPool(host='eyecannndy.com', port=443): Max retries exceeded with url: /technique/altered-state (Caused by SSLError(SSLEOFError(8, '[SSL: UNEXPECTED_EOF_WHILE_READING] EOF occurred in violation of protocol (_ssl.c:1035)')))
2025-09-04 12:27:45,536 - INFO - Found 0 WebP videos on https://eyecannndy.com/technique/altered-state
2025-09-04 12:27:45,536 - INFO - Scraping page 3/50: https://eyecannndy.com/technique/animation
2025-09-04 12:27:47,910 - ERROR - Request failed for https://eyecannndy.com/technique/animation: 403 Client Error: Forbidden for url: https://eyecannndy.com/technique/animation
2025-09-04 12:27:52,847 - INFO - Found 0 WebP videos on https://eyecannndy.com/technique/animation
2025-09-04 12:27:52,848 - INFO - Scraping page 4/50: https://eyecannndy.com/technique/anthropo
2025-09-04 12:27:57,077 - ERROR - Request failed for https://eyecannndy.com/technique/anthropo: 403 Client Error: Forbidden for url: https://eyecannndy.com/technique/anthropo
2025-09-04 12:28:01,261 - INFO - Found 0 WebP videos on https://eyecannndy.com/technique/anthropo
2025-09-04 12:28:01,261 - INFO - Scraping page 5/50: https://eyecannndy.com/technique/arc
2025-09-04 12:28:04,201 - ERROR - Request failed for https://eyecannndy.com/technique/arc: 403 Client Error: Forbidden for url: https://eyecannndy.com/technique/arc
2025-09-04 12:28:08,290 - INFO - Found 0 WebP videos on https://eyecannndy.com/technique/arc
2025-09-04 12:28:08,290 - INFO - Scraping page 6/50: https://eyecannndy.com/technique/architexture
2025-09-04 12:28:09,989 - ERROR - Request failed for https://eyecannndy.com/technique/architexture: 403 Client Error: Forbidden for url: https://eyecannndy.com/technique/architexture
2025-09-04 12:28:14,949 - INFO - Found 80 WebP videos on https://eyecannndy.com/technique/architexture
2025-09-04 12:28:14,950 - INFO - Scraping page 7/50: https://eyecannndy.com/technique/bolt-cam
2025-09-04 12:28:18,590 - ERROR - Request failed for https://eyecannndy.com/technique/bolt-cam: 403 Client Error: Forbidden for url: https://eyecannndy.com/technique/bolt-cam
2025-09-04 12:30:18,593 - ERROR - Selenium request failed for https://eyecannndy.com/technique/bolt-cam: HTTPConnectionPool(host='localhost', port=57256): Read timed out. (read timeout=120)
2025-09-04 12:30:18,593 - INFO - Scraping page 8/50: https://eyecannndy.com/technique/boomerang
2025-09-04 12:30:23,217 - ERROR - Request failed for https://eyecannndy.com/technique/boomerang: 403 Client Error: Forbidden for url: https://eyecannndy.com/technique/boomerang
2025-09-04 12:30:28,001 - INFO - Found 12 WebP videos on https://eyecannndy.com/technique/boomerang
2025-09-04 12:30:28,001 - INFO - Scraping page 9/50: https://eyecannndy.com/technique/bts
2025-09-04 12:30:32,586 - ERROR - Request failed for https://eyecannndy.com/technique/bts: 403 Client Error: Forbidden for url: https://eyecannndy.com/technique/bts
2025-09-04 12:30:38,582 - INFO - Found 0 WebP videos on https://eyecannndy.com/technique/bts
2025-09-04 12:30:38,582 - INFO - Scraping page 10/50: https://eyecannndy.com/technique/bullet-time
2025-09-04 12:30:43,235 - ERROR - Request failed for https://eyecannndy.com/technique/bullet-time: 403 Client Error: Forbidden for url: https://eyecannndy.com/technique/bullet-time
2025-09-04 12:30:47,239 - INFO - Found 66 WebP videos on https://eyecannndy.com/technique/bullet-time
2025-09-04 12:30:47,241 - INFO - Data saved to data/eyecandy_videos_20250904_123047.json and data/eyecandy_videos_20250904_123047.csv
2025-09-04 12:30:47,242 - INFO - Progress saved. Total videos found: 158
2025-09-04 12:30:47,242 - INFO - Scraping page 11/50: https://eyecannndy.com/technique/camera-roll
2025-09-04 12:30:52,513 - ERROR - Request failed for https://eyecannndy.com/technique/camera-roll: 403 Client Error: Forbidden for url: https://eyecannndy.com/technique/camera-roll
2025-09-04 12:32:47,888 - INFO - Found 85 WebP videos on https://eyecannndy.com/technique/camera-roll
2025-09-04 12:32:47,889 - INFO - Scraping page 12/50: https://eyecannndy.com/technique/central-framing
2025-09-04 12:32:49,723 - ERROR - Request failed for https://eyecannndy.com/technique/central-framing: 403 Client Error: Forbidden for url: https://eyecannndy.com/technique/central-framing
2025-09-04 12:32:53,715 - INFO - Found 120 WebP videos on https://eyecannndy.com/technique/central-framing
2025-09-04 12:32:53,715 - INFO - Scraping page 13/50: https://eyecannndy.com/technique/choreo
2025-09-04 12:32:57,315 - ERROR - Request failed for https://eyecannndy.com/technique/choreo: 403 Client Error: Forbidden for url: https://eyecannndy.com/technique/choreo
2025-09-04 12:33:01,679 - INFO - Found 60 WebP videos on https://eyecannndy.com/technique/choreo
2025-09-04 12:33:01,679 - INFO - Scraping page 14/50: https://eyecannndy.com/technique/cinemagraph
2025-09-04 12:33:04,057 - ERROR - Request failed for https://eyecannndy.com/technique/cinemagraph: 403 Client Error: Forbidden for url: https://eyecannndy.com/technique/cinemagraph
2025-09-04 12:33:08,351 - INFO - Found 78 WebP videos on https://eyecannndy.com/technique/cinemagraph
2025-09-04 12:33:08,351 - INFO - Scraping page 15/50: https://eyecannndy.com/technique/close-up
2025-09-04 12:33:13,227 - ERROR - Request failed for https://eyecannndy.com/technique/close-up: 403 Client Error: Forbidden for url: https://eyecannndy.com/technique/close-up
2025-09-04 12:33:46,248 - INFO - Found 542 WebP videos on https://eyecannndy.com/technique/close-up
2025-09-04 12:33:46,249 - INFO - Scraping page 16/50: https://eyecannndy.com/technique/collage
2025-09-04 12:33:48,028 - ERROR - Request failed for https://eyecannndy.com/technique/collage: 403 Client Error: Forbidden for url: https://eyecannndy.com/technique/collage
2025-09-04 12:33:54,062 - INFO - Found 128 WebP videos on https://eyecannndy.com/technique/collage
2025-09-04 12:33:54,062 - INFO - Scraping page 17/50: https://eyecannndy.com/technique/color-shift
2025-09-04 12:33:58,555 - ERROR - Request failed for https://eyecannndy.com/technique/color-shift: 403 Client Error: Forbidden for url: https://eyecannndy.com/technique/color-shift
2025-09-04 12:34:03,506 - INFO - Found 50 WebP videos on https://eyecannndy.com/technique/color-shift
2025-09-04 12:34:03,507 - INFO - Scraping page 18/50: https://eyecannndy.com/technique/conveyor
2025-09-04 12:34:09,007 - ERROR - Request failed for https://eyecannndy.com/technique/conveyor: 403 Client Error: Forbidden for url: https://eyecannndy.com/technique/conveyor
2025-09-04 12:34:14,454 - INFO - Found 77 WebP videos on https://eyecannndy.com/technique/conveyor
2025-09-04 12:34:14,454 - INFO - Scraping page 19/50: https://eyecannndy.com/technique/crash-cut
2025-09-04 12:34:17,193 - ERROR - Request failed for https://eyecannndy.com/technique/crash-cut: 403 Client Error: Forbidden for url: https://eyecannndy.com/technique/crash-cut
2025-09-04 12:34:22,573 - INFO - Found 0 WebP videos on https://eyecannndy.com/technique/crash-cut
2025-09-04 12:34:22,573 - INFO - Scraping page 20/50: https://eyecannndy.com/technique/cut-ins
2025-09-04 12:34:24,667 - ERROR - Request failed for https://eyecannndy.com/technique/cut-ins: 403 Client Error: Forbidden for url: https://eyecannndy.com/technique/cut-ins
2025-09-04 12:34:28,701 - INFO - Found 65 WebP videos on https://eyecannndy.com/technique/cut-ins
2025-09-04 12:34:28,717 - INFO - Data saved to data/eyecandy_videos_20250904_123428.json and data/eyecandy_videos_20250904_123428.csv
2025-09-04 12:34:28,717 - INFO - Progress saved. Total videos found: 1363
2025-09-04 12:34:28,717 - INFO - Scraping page 21/50: https://eyecannndy.com/technique/datamosh
2025-09-04 12:34:32,116 - ERROR - Request failed for https://eyecannndy.com/technique/datamosh: 403 Client Error: Forbidden for url: https://eyecannndy.com/technique/datamosh
2025-09-04 12:34:36,287 - INFO - Found 69 WebP videos on https://eyecannndy.com/technique/datamosh
2025-09-04 12:34:36,287 - INFO - Scraping page 22/50: https://eyecannndy.com/technique/diorama
2025-09-04 12:34:38,247 - ERROR - Request failed for https://eyecannndy.com/technique/diorama: 403 Client Error: Forbidden for url: https://eyecannndy.com/technique/diorama
2025-09-04 12:34:42,765 - INFO - Found 0 WebP videos on https://eyecannndy.com/technique/diorama
2025-09-04 12:34:42,765 - INFO - Scraping page 23/50: https://eyecannndy.com/technique/distortions
2025-09-04 12:34:47,533 - ERROR - Request failed for https://eyecannndy.com/technique/distortions: 403 Client Error: Forbidden for url: https://eyecannndy.com/technique/distortions
2025-09-04 12:34:51,144 - INFO - Found 26 WebP videos on https://eyecannndy.com/technique/distortions
2025-09-04 12:34:51,144 - INFO - Scraping page 24/50: https://eyecannndy.com/technique/dolly
2025-09-04 12:34:54,199 - ERROR - Request failed for https://eyecannndy.com/technique/dolly: 403 Client Error: Forbidden for url: https://eyecannndy.com/technique/dolly
2025-09-04 12:34:59,868 - INFO - Found 0 WebP videos on https://eyecannndy.com/technique/dolly
2025-09-04 12:34:59,868 - INFO - Scraping page 25/50: https://eyecannndy.com/technique/dolly-zoom
2025-09-04 12:35:03,923 - ERROR - Request failed for https://eyecannndy.com/technique/dolly-zoom: 403 Client Error: Forbidden for url: https://eyecannndy.com/technique/dolly-zoom
2025-09-04 12:35:07,654 - INFO - Found 64 WebP videos on https://eyecannndy.com/technique/dolly-zoom
2025-09-04 12:35:07,655 - INFO - Scraping page 26/50: https://eyecannndy.com/technique/double-dolly
2025-09-04 12:35:10,751 - ERROR - Request failed for https://eyecannndy.com/technique/double-dolly: 403 Client Error: Forbidden for url: https://eyecannndy.com/technique/double-dolly
2025-09-04 12:36:04,467 - INFO - Found 40 WebP videos on https://eyecannndy.com/technique/double-dolly
2025-09-04 12:36:04,468 - INFO - Scraping page 27/50: https://eyecannndy.com/technique/double-exposure
2025-09-04 12:36:06,267 - ERROR - Request failed for https://eyecannndy.com/technique/double-exposure: 403 Client Error: Forbidden for url: https://eyecannndy.com/technique/double-exposure
2025-09-04 12:36:11,054 - INFO - Found 89 WebP videos on https://eyecannndy.com/technique/double-exposure
2025-09-04 12:36:11,054 - INFO - Scraping page 28/50: https://eyecannndy.com/technique/dreamcore
2025-09-04 12:36:14,109 - ERROR - Request failed for https://eyecannndy.com/technique/dreamcore: 403 Client Error: Forbidden for url: https://eyecannndy.com/technique/dreamcore
2025-09-04 12:36:18,305 - INFO - Found 55 WebP videos on https://eyecannndy.com/technique/dreamcore
2025-09-04 12:36:18,305 - INFO - Scraping page 29/50: https://eyecannndy.com/technique/duplication
2025-09-04 12:36:20,675 - ERROR - Request failed for https://eyecannndy.com/technique/duplication: 403 Client Error: Forbidden for url: https://eyecannndy.com/technique/duplication
2025-09-04 12:36:33,479 - INFO - Found 151 WebP videos on https://eyecannndy.com/technique/duplication
2025-09-04 12:36:33,480 - INFO - Scraping page 30/50: https://eyecannndy.com/technique/dutch-angle
2025-09-04 12:36:36,511 - INFO - Starting Eyecandy scraper...
2025-09-04 12:36:36,511 - INFO - Generated 137 technique pages for scraping
2025-09-04 12:36:36,511 - INFO - Scraping 50 pages...
2025-09-04 12:36:36,511 - INFO - Scraping page 1/50: https://eyecannndy.com/technique/aerial
2025-09-04 12:36:38,447 - ERROR - Request failed for https://eyecannndy.com/technique/dutch-angle: 403 Client Error: Forbidden for url: https://eyecannndy.com/technique/dutch-angle
2025-09-04 12:36:40,312 - ERROR - Request failed for https://eyecannndy.com/technique/aerial: 403 Client Error: Forbidden for url: https://eyecannndy.com/technique/aerial
2025-09-04 12:36:40,315 - INFO - ====== WebDriver manager ======
2025-09-04 12:36:40,477 - INFO - Get LATEST chromedriver version for google-chrome
2025-09-04 12:36:43,211 - INFO - Get LATEST chromedriver version for google-chrome
2025-09-04 12:36:45,320 - INFO - Driver [/Users/samueladeyemi/.wdm/drivers/chromedriver/mac64/139.0.7258.154/chromedriver-mac-arm64/chromedriver] found in cache
2025-09-04 12:36:45,981 - INFO - Selenium WebDriver initialized successfully
2025-09-04 12:36:51,622 - INFO - Found 66 WebP videos on https://eyecannndy.com/technique/dutch-angle
2025-09-04 12:36:51,642 - INFO - Data saved to data/eyecandy_videos_20250904_123651.json and data/eyecandy_videos_20250904_123651.csv
2025-09-04 12:36:51,643 - INFO - Progress saved. Total videos found: 1923
2025-09-04 12:36:51,643 - INFO - Scraping page 31/50: https://eyecannndy.com/technique/dystopian
2025-09-04 12:36:54,964 - ERROR - Request failed for https://eyecannndy.com/technique/dystopian: 403 Client Error: Forbidden for url: https://eyecannndy.com/technique/dystopian
2025-09-04 12:36:59,784 - INFO - Found 38 WebP videos on https://eyecannndy.com/technique/dystopian
2025-09-04 12:36:59,784 - INFO - Scraping page 32/50: https://eyecannndy.com/technique/echo-print
2025-09-04 12:37:05,121 - ERROR - Request failed for https://eyecannndy.com/technique/echo-print: 403 Client Error: Forbidden for url: https://eyecannndy.com/technique/echo-print
2025-09-04 12:37:07,665 - INFO - Found 64 WebP videos on https://eyecannndy.com/technique/aerial
2025-09-04 12:37:07,666 - INFO - Scraping page 2/50: https://eyecannndy.com/technique/trip
2025-09-04 12:37:11,471 - ERROR - Request failed for https://eyecannndy.com/technique/trip: 403 Client Error: Forbidden for url: https://eyecannndy.com/technique/trip
2025-09-04 12:37:13,571 - INFO - Found 0 WebP videos on https://eyecannndy.com/technique/echo-print
2025-09-04 12:37:13,572 - INFO - Scraping page 33/50: https://eyecannndy.com/technique/epiphany
2025-09-04 12:37:18,789 - ERROR - Request failed for https://eyecannndy.com/technique/epiphany: 403 Client Error: Forbidden for url: https://eyecannndy.com/technique/epiphany
2025-09-04 12:37:29,558 - INFO - Found 0 WebP videos on https://eyecannndy.com/technique/epiphany
2025-09-04 12:37:29,559 - INFO - Scraping page 34/50: https://eyecannndy.com/technique/falling
2025-09-04 12:37:32,708 - INFO - Found 215 WebP videos on https://eyecannndy.com/technique/trip
2025-09-04 12:37:32,708 - INFO - Scraping page 3/50: https://eyecannndy.com/technique/traditional
2025-09-04 12:37:34,571 - ERROR - Request failed for https://eyecannndy.com/technique/falling: 403 Client Error: Forbidden for url: https://eyecannndy.com/technique/falling
2025-09-04 12:37:37,498 - ERROR - Request failed for https://eyecannndy.com/technique/traditional: 403 Client Error: Forbidden for url: https://eyecannndy.com/technique/traditional
2025-09-04 12:37:41,215 - INFO - Found 83 WebP videos on https://eyecannndy.com/technique/falling
2025-09-04 12:37:41,215 - INFO - Scraping page 35/50: https://eyecannndy.com/technique/fast-motion
2025-09-04 12:37:50,614 - ERROR - Request failed for https://eyecannndy.com/technique/fast-motion: 403 Client Error: Forbidden for url: https://eyecannndy.com/technique/fast-motion
2025-09-04 12:37:59,282 - INFO - Found 0 WebP videos on https://eyecannndy.com/technique/fast-motion
2025-09-04 12:37:59,283 - INFO - Scraping page 36/50: https://eyecannndy.com/technique/feedback
2025-09-04 12:38:11,958 - ERROR - Request failed for https://eyecannndy.com/technique/feedback: 403 Client Error: Forbidden for url: https://eyecannndy.com/technique/feedback
2025-09-04 12:38:20,181 - INFO - Found 0 WebP videos on https://eyecannndy.com/technique/feedback
2025-09-04 12:38:20,182 - INFO - Scraping page 37/50: https://eyecannndy.com/technique/first-person
2025-09-04 12:38:24,730 - ERROR - Request failed for https://eyecannndy.com/technique/first-person: 403 Client Error: Forbidden for url: https://eyecannndy.com/technique/first-person
2025-09-04 12:38:34,665 - INFO - Found 0 WebP videos on https://eyecannndy.com/technique/first-person
2025-09-04 12:38:34,665 - INFO - Scraping page 38/50: https://eyecannndy.com/technique/fisheye
2025-09-04 12:38:40,524 - ERROR - Request failed for https://eyecannndy.com/technique/fisheye: 403 Client Error: Forbidden for url: https://eyecannndy.com/technique/fisheye
2025-09-04 12:38:47,235 - INFO - Found 51 WebP videos on https://eyecannndy.com/technique/fisheye
2025-09-04 12:38:47,235 - INFO - Scraping page 39/50: https://eyecannndy.com/technique/fixed-cam
2025-09-04 12:38:52,131 - ERROR - Request failed for https://eyecannndy.com/technique/fixed-cam: 403 Client Error: Forbidden for url: https://eyecannndy.com/technique/fixed-cam
2025-09-04 12:39:06,763 - INFO - Found 0 WebP videos on https://eyecannndy.com/technique/fixed-cam
2025-09-04 12:39:06,764 - INFO - Scraping page 40/50: https://eyecannndy.com/technique/flash-cut
2025-09-04 12:39:10,717 - ERROR - Request failed for https://eyecannndy.com/technique/flash-cut: 403 Client Error: Forbidden for url: https://eyecannndy.com/technique/flash-cut
2025-09-04 12:39:37,503 - ERROR - Selenium request failed for https://eyecannndy.com/technique/traditional: HTTPConnectionPool(host='localhost', port=58378): Read timed out. (read timeout=120)
2025-09-04 12:39:37,505 - INFO - Scraping page 4/50: https://eyecannndy.com/technique/anthropomorphism
2025-09-04 12:39:45,641 - ERROR - Request failed for https://eyecannndy.com/technique/anthropomorphism: 403 Client Error: Forbidden for url: https://eyecannndy.com/technique/anthropomorphism
2025-09-04 12:39:50,231 - INFO - Found 56 WebP videos on https://eyecannndy.com/technique/anthropomorphism
2025-09-04 12:39:50,231 - INFO - Scraping page 5/50: https://eyecannndy.com/technique/arc-movement
2025-09-04 12:39:55,174 - ERROR - Request failed for https://eyecannndy.com/technique/arc-movement: 403 Client Error: Forbidden for url: https://eyecannndy.com/technique/arc-movement
2025-09-04 12:41:10,722 - ERROR - Selenium request failed for https://eyecannndy.com/technique/flash-cut: HTTPConnectionPool(host='localhost', port=57256): Read timed out. (read timeout=120)
2025-09-04 12:41:10,806 - INFO - Data saved to data/eyecandy_videos_20250904_124110.json and data/eyecandy_videos_20250904_124110.csv
2025-09-04 12:41:10,807 - INFO - Progress saved. Total videos found: 2095
2025-09-04 12:41:10,807 - INFO - Scraping page 41/50: https://eyecannndy.com/technique/floating-ui
2025-09-04 12:41:20,848 - ERROR - Request failed for https://eyecannndy.com/technique/floating-ui: 403 Client Error: Forbidden for url: https://eyecannndy.com/technique/floating-ui
2025-09-04 12:41:55,878 - ERROR - Selenium request failed for https://eyecannndy.com/technique/arc-movement: HTTPConnectionPool(host='localhost', port=58378): Read timed out. (read timeout=120)
2025-09-04 12:41:55,879 - INFO - Scraping page 6/50: https://eyecannndy.com/technique/architexture
2025-09-04 12:42:02,803 - ERROR - Request failed for https://eyecannndy.com/technique/architexture: 403 Client Error: Forbidden for url: https://eyecannndy.com/technique/architexture
2025-09-04 12:42:27,074 - INFO - Found 80 WebP videos on https://eyecannndy.com/technique/architexture
2025-09-04 12:42:27,075 - INFO - Scraping page 7/50: https://eyecannndy.com/technique/bolt-cam
2025-09-04 12:42:30,797 - ERROR - Request failed for https://eyecannndy.com/technique/bolt-cam: 403 Client Error: Forbidden for url: https://eyecannndy.com/technique/bolt-cam
2025-09-04 12:42:40,963 - INFO - Found 34 WebP videos on https://eyecannndy.com/technique/bolt-cam
2025-09-04 12:42:40,963 - INFO - Scraping page 8/50: https://eyecannndy.com/technique/boomerang
2025-09-04 12:42:45,393 - ERROR - Request failed for https://eyecannndy.com/technique/boomerang: 403 Client Error: Forbidden for url: https://eyecannndy.com/technique/boomerang
2025-09-04 12:42:49,274 - INFO - Found 12 WebP videos on https://eyecannndy.com/technique/boomerang
2025-09-04 12:42:49,275 - INFO - Scraping page 9/50: https://eyecannndy.com/technique/breakdown
2025-09-04 12:42:52,270 - ERROR - Request failed for https://eyecannndy.com/technique/breakdown: 403 Client Error: Forbidden for url: https://eyecannndy.com/technique/breakdown
2025-09-04 12:43:20,853 - ERROR - Selenium request failed for https://eyecannndy.com/technique/floating-ui: HTTPConnectionPool(host='localhost', port=57256): Read timed out. (read timeout=120)
2025-09-04 12:43:20,854 - INFO - Scraping page 42/50: https://eyecannndy.com/technique/focal-shift
2025-09-04 12:43:24,931 - ERROR - Request failed for https://eyecannndy.com/technique/focal-shift: 403 Client Error: Forbidden for url: https://eyecannndy.com/technique/focal-shift
2025-09-04 12:43:52,340 - INFO - Found 53 WebP videos on https://eyecannndy.com/technique/breakdown
2025-09-04 12:43:52,340 - INFO - Scraping page 10/50: https://eyecannndy.com/technique/bullet-time
2025-09-04 12:43:54,226 - ERROR - Request failed for https://eyecannndy.com/technique/bullet-time: 403 Client Error: Forbidden for url: https://eyecannndy.com/technique/bullet-time
2025-09-04 12:43:58,473 - INFO - Found 52 WebP videos on https://eyecannndy.com/technique/bullet-time
2025-09-04 12:43:58,481 - INFO - Data saved to data/eyecandy_videos_20250904_124358.json and data/eyecandy_videos_20250904_124358.csv
2025-09-04 12:43:58,481 - INFO - Progress saved. Total videos found: 566
2025-09-04 12:43:58,481 - INFO - Scraping page 11/50: https://eyecannndy.com/technique/camera-roll
2025-09-04 12:44:04,035 - ERROR - Request failed for https://eyecannndy.com/technique/camera-roll: 403 Client Error: Forbidden for url: https://eyecannndy.com/technique/camera-roll
2025-09-04 12:44:11,311 - INFO - Found 85 WebP videos on https://eyecannndy.com/technique/camera-roll
2025-09-04 12:44:11,311 - INFO - Scraping page 12/50: https://eyecannndy.com/technique/central-framing
2025-09-04 12:44:15,055 - ERROR - Request failed for https://eyecannndy.com/technique/central-framing: 403 Client Error: Forbidden for url: https://eyecannndy.com/technique/central-framing
2025-09-04 12:44:19,024 - INFO - Found 120 WebP videos on https://eyecannndy.com/technique/central-framing
2025-09-04 12:44:19,024 - INFO - Scraping page 13/50: https://eyecannndy.com/technique/choreo
2025-09-04 12:44:20,239 - INFO - Found 36 WebP videos on https://eyecannndy.com/technique/focal-shift
2025-09-04 12:44:20,239 - INFO - Scraping page 43/50: https://eyecannndy.com/technique/fourth-wall
2025-09-04 12:44:22,128 - ERROR - Request failed for https://eyecannndy.com/technique/choreo: 403 Client Error: Forbidden for url: https://eyecannndy.com/technique/choreo
2025-09-04 12:44:22,500 - ERROR - Request failed for https://eyecannndy.com/technique/fourth-wall: 403 Client Error: Forbidden for url: https://eyecannndy.com/technique/fourth-wall
2025-09-04 12:44:26,432 - INFO - Found 60 WebP videos on https://eyecannndy.com/technique/choreo
2025-09-04 12:44:26,432 - INFO - Scraping page 14/50: https://eyecannndy.com/technique/cinemagraph
2025-09-04 12:44:29,653 - ERROR - Request failed for https://eyecannndy.com/technique/cinemagraph: 403 Client Error: Forbidden for url: https://eyecannndy.com/technique/cinemagraph
2025-09-04 12:44:42,683 - INFO - Found 138 WebP videos on https://eyecannndy.com/technique/fourth-wall
2025-09-04 12:44:42,683 - INFO - Scraping page 44/50: https://eyecannndy.com/technique/fpv-drone
2025-09-04 12:44:44,586 - INFO - Found 81 WebP videos on https://eyecannndy.com/technique/cinemagraph
2025-09-04 12:44:44,586 - INFO - Scraping page 15/50: https://eyecannndy.com/technique/close-up
2025-09-04 12:44:44,792 - ERROR - Request failed for https://eyecannndy.com/technique/fpv-drone: 403 Client Error: Forbidden for url: https://eyecannndy.com/technique/fpv-drone
2025-09-04 12:44:49,110 - INFO - Found 85 WebP videos on https://eyecannndy.com/technique/fpv-drone
2025-09-04 12:44:49,110 - INFO - Scraping page 45/50: https://eyecannndy.com/technique/freeze-frame
2025-09-04 12:44:49,121 - ERROR - Request failed for https://eyecannndy.com/technique/close-up: 403 Client Error: Forbidden for url: https://eyecannndy.com/technique/close-up
2025-09-04 12:44:53,479 - ERROR - Request failed for https://eyecannndy.com/technique/freeze-frame: 403 Client Error: Forbidden for url: https://eyecannndy.com/technique/freeze-frame
2025-09-04 12:45:09,270 - INFO - Found 36 WebP videos on https://eyecannndy.com/technique/freeze-frame
2025-09-04 12:45:09,271 - INFO - Scraping page 46/50: https://eyecannndy.com/technique/generative
2025-09-04 12:45:11,961 - ERROR - Request failed for https://eyecannndy.com/technique/generative: 403 Client Error: Forbidden for url: https://eyecannndy.com/technique/generative
2025-09-04 12:45:15,975 - INFO - Found 31 WebP videos on https://eyecannndy.com/technique/generative
2025-09-04 12:45:15,975 - INFO - Scraping page 47/50: https://eyecannndy.com/technique/gesture
2025-09-04 12:45:17,854 - INFO - Found 543 WebP videos on https://eyecannndy.com/technique/close-up
2025-09-04 12:45:17,854 - INFO - Scraping page 16/50: https://eyecannndy.com/technique/collage
2025-09-04 12:45:18,643 - ERROR - Request failed for https://eyecannndy.com/technique/gesture: 403 Client Error: Forbidden for url: https://eyecannndy.com/technique/gesture
2025-09-04 12:45:20,881 - ERROR - Request failed for https://eyecannndy.com/technique/collage: 403 Client Error: Forbidden for url: https://eyecannndy.com/technique/collage
2025-09-04 12:45:23,278 - INFO - Found 0 WebP videos on https://eyecannndy.com/technique/gesture
2025-09-04 12:45:23,278 - INFO - Scraping page 48/50: https://eyecannndy.com/technique/ground-level
2025-09-04 12:45:25,110 - INFO - Found 128 WebP videos on https://eyecannndy.com/technique/collage
2025-09-04 12:45:25,110 - INFO - Scraping page 17/50: https://eyecannndy.com/technique/color-shift
2025-09-04 12:45:25,127 - ERROR - Request failed for https://eyecannndy.com/technique/ground-level: 403 Client Error: Forbidden for url: https://eyecannndy.com/technique/ground-level
2025-09-04 12:45:27,545 - ERROR - Request failed for https://eyecannndy.com/technique/color-shift: 403 Client Error: Forbidden for url: https://eyecannndy.com/technique/color-shift
2025-09-04 12:45:29,159 - INFO - Found 0 WebP videos on https://eyecannndy.com/technique/ground-level
2025-09-04 12:45:29,159 - INFO - Scraping page 49/50: https://eyecannndy.com/technique/halation
2025-09-04 12:45:31,246 - INFO - Found 54 WebP videos on https://eyecannndy.com/technique/color-shift
2025-09-04 12:45:31,246 - INFO - Scraping page 18/50: https://eyecannndy.com/technique/conveyor
2025-09-04 12:45:32,625 - ERROR - Request failed for https://eyecannndy.com/technique/halation: 403 Client Error: Forbidden for url: https://eyecannndy.com/technique/halation
2025-09-04 12:45:34,620 - ERROR - Request failed for https://eyecannndy.com/technique/conveyor: 403 Client Error: Forbidden for url: https://eyecannndy.com/technique/conveyor
2025-09-04 12:45:37,322 - INFO - Found 42 WebP videos on https://eyecannndy.com/technique/halation
2025-09-04 12:45:37,322 - INFO - Scraping page 50/50: https://eyecannndy.com/technique/handheld
2025-09-04 12:45:39,175 - INFO - Found 77 WebP videos on https://eyecannndy.com/technique/conveyor
2025-09-04 12:45:39,176 - INFO - Scraping page 19/50: https://eyecannndy.com/technique/crash-transition
2025-09-04 12:45:41,080 - ERROR - Request failed for https://eyecannndy.com/technique/handheld: 403 Client Error: Forbidden for url: https://eyecannndy.com/technique/handheld
2025-09-04 12:45:47,446 - ERROR - Request failed for https://eyecannndy.com/technique/crash-transition: 403 Client Error: Forbidden for url: https://eyecannndy.com/technique/crash-transition
2025-09-04 12:45:52,390 - INFO - Found 12 WebP videos on https://eyecannndy.com/technique/crash-transition
2025-09-04 12:45:52,390 - INFO - Scraping page 20/50: https://eyecannndy.com/technique/cut-ins
2025-09-04 12:45:55,898 - ERROR - Request failed for https://eyecannndy.com/technique/cut-ins: 403 Client Error: Forbidden for url: https://eyecannndy.com/technique/cut-ins
2025-09-04 12:45:59,735 - INFO - Found 64 WebP videos on https://eyecannndy.com/technique/cut-ins
2025-09-04 12:45:59,770 - INFO - Data saved to data/eyecandy_videos_20250904_124559.json and data/eyecandy_videos_20250904_124559.csv
2025-09-04 12:45:59,771 - INFO - Progress saved. Total videos found: 1790
2025-09-04 12:45:59,771 - INFO - Scraping page 21/50: https://eyecannndy.com/technique/datamosh
2025-09-04 12:46:02,904 - ERROR - Request failed for https://eyecannndy.com/technique/datamosh: 403 Client Error: Forbidden for url: https://eyecannndy.com/technique/datamosh
2025-09-04 12:46:09,673 - INFO - Found 72 WebP videos on https://eyecannndy.com/technique/datamosh
2025-09-04 12:46:09,673 - INFO - Scraping page 22/50: https://eyecannndy.com/technique/model
2025-09-04 12:46:14,247 - INFO - Found 0 WebP videos on https://eyecannndy.com/technique/handheld
2025-09-04 12:46:14,295 - INFO - Data saved to data/eyecandy_videos_20250904_124614.json and data/eyecandy_videos_20250904_124614.csv
2025-09-04 12:46:14,296 - INFO - Progress saved. Total videos found: 2463
2025-09-04 12:46:14,338 - INFO - Data saved to data/eyecandy_videos_20250904_124614.json and data/eyecandy_videos_20250904_124614.csv
2025-09-04 12:46:14,338 - INFO - Scraping completed! Found 2463 WebP videos across 1 categories.
2025-09-04 12:46:14,683 - ERROR - Request failed for https://eyecannndy.com/technique/model: 403 Client Error: Forbidden for url: https://eyecannndy.com/technique/model
2025-09-04 12:46:15,614 - INFO - Selenium driver closed successfully
2025-09-04 12:46:19,863 - INFO - Found 49 WebP videos on https://eyecannndy.com/technique/model
2025-09-04 12:46:19,863 - INFO - Scraping page 23/50: https://eyecannndy.com/technique/distortions
2025-09-04 12:46:23,708 - ERROR - Request failed for https://eyecannndy.com/technique/distortions: 403 Client Error: Forbidden for url: https://eyecannndy.com/technique/distortions
2025-09-04 12:46:29,477 - INFO - Found 26 WebP videos on https://eyecannndy.com/technique/distortions
2025-09-04 12:46:29,477 - INFO - Scraping page 24/50: https://eyecannndy.com/technique/dolly-shot
2025-09-04 12:46:34,437 - ERROR - Request failed for https://eyecannndy.com/technique/dolly-shot: 403 Client Error: Forbidden for url: https://eyecannndy.com/technique/dolly-shot
2025-09-04 12:47:37,533 - INFO - Found 142 WebP videos on https://eyecannndy.com/technique/dolly-shot
2025-09-04 12:47:37,533 - INFO - Scraping page 25/50: https://eyecannndy.com/technique/dolly-zoom
2025-09-04 12:47:41,037 - ERROR - Request failed for https://eyecannndy.com/technique/dolly-zoom: 403 Client Error: Forbidden for url: https://eyecannndy.com/technique/dolly-zoom
2025-09-04 12:47:47,077 - INFO - Found 64 WebP videos on https://eyecannndy.com/technique/dolly-zoom
2025-09-04 12:47:47,077 - INFO - Scraping page 26/50: https://eyecannndy.com/technique/double-dolly
2025-09-04 12:47:51,444 - ERROR - Request failed for https://eyecannndy.com/technique/double-dolly: 403 Client Error: Forbidden for url: https://eyecannndy.com/technique/double-dolly
2025-09-04 12:47:57,624 - INFO - Found 40 WebP videos on https://eyecannndy.com/technique/double-dolly
2025-09-04 12:47:57,625 - INFO - Scraping page 27/50: https://eyecannndy.com/technique/double-exposure
2025-09-04 12:48:02,859 - ERROR - Request failed for https://eyecannndy.com/technique/double-exposure: 403 Client Error: Forbidden for url: https://eyecannndy.com/technique/double-exposure
2025-09-04 12:48:11,144 - INFO - Found 89 WebP videos on https://eyecannndy.com/technique/double-exposure
2025-09-04 12:48:11,145 - INFO - Scraping page 28/50: https://eyecannndy.com/technique/dreamcore
2025-09-04 12:48:17,622 - ERROR - Request failed for https://eyecannndy.com/technique/dreamcore: 403 Client Error: Forbidden for url: https://eyecannndy.com/technique/dreamcore
2025-09-04 12:48:21,356 - INFO - Found 55 WebP videos on https://eyecannndy.com/technique/dreamcore
2025-09-04 12:48:21,356 - INFO - Scraping page 29/50: https://eyecannndy.com/technique/duplication
2025-09-04 12:48:23,126 - ERROR - Request failed for https://eyecannndy.com/technique/duplication: 403 Client Error: Forbidden for url: https://eyecannndy.com/technique/duplication
2025-09-04 12:48:43,858 - INFO - Found 155 WebP videos on https://eyecannndy.com/technique/duplication
2025-09-04 12:48:43,858 - INFO - Scraping page 30/50: https://eyecannndy.com/technique/dutch-angle
2025-09-04 12:48:47,858 - ERROR - Request failed for https://eyecannndy.com/technique/dutch-angle: 403 Client Error: Forbidden for url: https://eyecannndy.com/technique/dutch-angle
2025-09-04 12:48:53,180 - INFO - Found 66 WebP videos on https://eyecannndy.com/technique/dutch-angle
2025-09-04 12:48:53,212 - INFO - Data saved to data/eyecandy_videos_20250904_124853.json and data/eyecandy_videos_20250904_124853.csv
2025-09-04 12:48:53,213 - INFO - Progress saved. Total videos found: 2548
2025-09-04 12:48:53,213 - INFO - Scraping page 31/50: https://eyecannndy.com/technique/dystopian
2025-09-04 12:48:56,764 - ERROR - Request failed for https://eyecannndy.com/technique/dystopian: 403 Client Error: Forbidden for url: https://eyecannndy.com/technique/dystopian
2025-09-04 12:49:02,308 - INFO - Found 38 WebP videos on https://eyecannndy.com/technique/dystopian
2025-09-04 12:49:02,309 - INFO - Scraping page 32/50: https://eyecannndy.com/technique/echo-printing
2025-09-04 12:49:07,069 - ERROR - Request failed for https://eyecannndy.com/technique/echo-printing: 403 Client Error: Forbidden for url: https://eyecannndy.com/technique/echo-printing
2025-09-04 12:49:11,000 - INFO - Found 70 WebP videos on https://eyecannndy.com/technique/echo-printing
2025-09-04 12:49:11,000 - INFO - Scraping page 33/50: https://eyecannndy.com/technique/epiphany-shot
2025-09-04 12:49:14,339 - ERROR - Request failed for https://eyecannndy.com/technique/epiphany-shot: 403 Client Error: Forbidden for url: https://eyecannndy.com/technique/epiphany-shot
2025-09-04 12:49:19,139 - INFO - Found 23 WebP videos on https://eyecannndy.com/technique/epiphany-shot
2025-09-04 12:49:19,139 - INFO - Scraping page 34/50: https://eyecannndy.com/technique/falling
2025-09-04 12:49:21,735 - ERROR - Request failed for https://eyecannndy.com/technique/falling: 403 Client Error: Forbidden for url: https://eyecannndy.com/technique/falling
2025-09-04 12:49:25,570 - INFO - Found 77 WebP videos on https://eyecannndy.com/technique/falling
2025-09-04 12:49:25,571 - INFO - Scraping page 35/50: https://eyecannndy.com/technique/undercranking
2025-09-04 12:49:29,663 - ERROR - Request failed for https://eyecannndy.com/technique/undercranking: 403 Client Error: Forbidden for url: https://eyecannndy.com/technique/undercranking
2025-09-04 12:49:46,550 - INFO - Found 182 WebP videos on https://eyecannndy.com/technique/undercranking
2025-09-04 12:49:46,551 - INFO - Scraping page 36/50: https://eyecannndy.com/technique/glitch
2025-09-04 12:49:49,937 - ERROR - Request failed for https://eyecannndy.com/technique/glitch: 403 Client Error: Forbidden for url: https://eyecannndy.com/technique/glitch
2025-09-04 12:50:01,323 - INFO - Found 74 WebP videos on https://eyecannndy.com/technique/glitch
2025-09-04 12:50:01,324 - INFO - Scraping page 37/50: https://eyecannndy.com/technique/first-person-pov
2025-09-04 12:50:03,631 - ERROR - Request failed for https://eyecannndy.com/technique/first-person-pov: 403 Client Error: Forbidden for url: https://eyecannndy.com/technique/first-person-pov
2025-09-04 12:50:15,395 - INFO - Found 150 WebP videos on https://eyecannndy.com/technique/first-person-pov
2025-09-04 12:50:15,395 - INFO - Scraping page 38/50: https://eyecannndy.com/technique/fisheye
2025-09-04 12:50:21,076 - ERROR - Request failed for https://eyecannndy.com/technique/fisheye: 403 Client Error: Forbidden for url: https://eyecannndy.com/technique/fisheye
2025-09-04 12:50:26,488 - INFO - Found 51 WebP videos on https://eyecannndy.com/technique/fisheye
2025-09-04 12:50:26,488 - INFO - Scraping page 39/50: https://eyecannndy.com/technique/fixed-camera
2025-09-04 12:50:28,233 - ERROR - Request failed for https://eyecannndy.com/technique/fixed-camera: 403 Client Error: Forbidden for url: https://eyecannndy.com/technique/fixed-camera
2025-09-04 12:50:34,609 - INFO - Found 191 WebP videos on https://eyecannndy.com/technique/fixed-camera
2025-09-04 12:50:34,609 - INFO - Scraping page 40/50: https://eyecannndy.com/technique/flash-cut
2025-09-04 12:50:36,647 - ERROR - Request failed for https://eyecannndy.com/technique/flash-cut: 403 Client Error: Forbidden for url: https://eyecannndy.com/technique/flash-cut
2025-09-04 12:50:42,303 - INFO - Found 111 WebP videos on https://eyecannndy.com/technique/flash-cut
2025-09-04 12:50:42,345 - INFO - Data saved to data/eyecandy_videos_20250904_125042.json and data/eyecandy_videos_20250904_125042.csv
2025-09-04 12:50:42,345 - INFO - Progress saved. Total videos found: 3515
2025-09-04 12:50:42,345 - INFO - Scraping page 41/50: https://eyecannndy.com/technique/digital-overlay
2025-09-04 12:50:45,329 - ERROR - Request failed for https://eyecannndy.com/technique/digital-overlay: 403 Client Error: Forbidden for url: https://eyecannndy.com/technique/digital-overlay
2025-09-04 12:50:49,506 - INFO - Found 52 WebP videos on https://eyecannndy.com/technique/digital-overlay
2025-09-04 12:50:49,506 - INFO - Scraping page 42/50: https://eyecannndy.com/technique/focal-shift
2025-09-04 12:50:53,540 - ERROR - Request failed for https://eyecannndy.com/technique/focal-shift: 403 Client Error: Forbidden for url: https://eyecannndy.com/technique/focal-shift
2025-09-04 12:50:59,773 - INFO - Found 33 WebP videos on https://eyecannndy.com/technique/focal-shift
2025-09-04 12:50:59,774 - INFO - Scraping page 43/50: https://eyecannndy.com/technique/fourth-wall
2025-09-04 12:51:02,083 - ERROR - Request failed for https://eyecannndy.com/technique/fourth-wall: 403 Client Error: Forbidden for url: https://eyecannndy.com/technique/fourth-wall
2025-09-04 12:51:10,992 - INFO - Found 133 WebP videos on https://eyecannndy.com/technique/fourth-wall
2025-09-04 12:51:10,992 - INFO - Scraping page 44/50: https://eyecannndy.com/technique/fpv-drone
2025-09-04 12:51:12,978 - ERROR - Request failed for https://eyecannndy.com/technique/fpv-drone: 403 Client Error: Forbidden for url: https://eyecannndy.com/technique/fpv-drone
2025-09-04 12:51:17,274 - INFO - Found 83 WebP videos on https://eyecannndy.com/technique/fpv-drone
2025-09-04 12:51:17,274 - INFO - Scraping page 45/50: https://eyecannndy.com/technique/freeze-frame
2025-09-04 12:51:19,576 - ERROR - Request failed for https://eyecannndy.com/technique/freeze-frame: 403 Client Error: Forbidden for url: https://eyecannndy.com/technique/freeze-frame
2025-09-04 12:51:23,857 - INFO - Found 30 WebP videos on https://eyecannndy.com/technique/freeze-frame
2025-09-04 12:51:23,857 - INFO - Scraping page 46/50: https://eyecannndy.com/technique/generative
2025-09-04 12:51:28,042 - ERROR - Request failed for https://eyecannndy.com/technique/generative: 403 Client Error: Forbidden for url: https://eyecannndy.com/technique/generative
2025-09-04 12:51:35,115 - INFO - Found 36 WebP videos on https://eyecannndy.com/technique/generative
2025-09-04 12:51:35,115 - INFO - Scraping page 47/50: https://eyecannndy.com/technique/digital-gesture
2025-09-04 12:51:38,761 - ERROR - Request failed for https://eyecannndy.com/technique/digital-gesture: 403 Client Error: Forbidden for url: https://eyecannndy.com/technique/digital-gesture
2025-09-05 03:21:03,045 - INFO - Starting Eyecandy scraper...
2025-09-05 03:21:03,045 - INFO - Generated 137 technique pages for scraping
2025-09-05 03:21:03,045 - INFO - Scraping 50 pages...
2025-09-05 03:21:03,045 - INFO - Scraping page 1/50: https://eyecannndy.com/technique/aerial
2025-09-05 03:21:11,263 - ERROR - Request failed for https://eyecannndy.com/technique/aerial: 403 Client Error: Forbidden for url: https://eyecannndy.com/technique/aerial
2025-09-05 03:21:11,267 - INFO - ====== WebDriver manager ======
2025-09-05 03:21:11,410 - INFO - Get LATEST chromedriver version for google-chrome
2025-09-05 03:21:12,100 - INFO - Get LATEST chromedriver version for google-chrome
2025-09-05 03:21:12,709 - INFO - Get LATEST chromedriver version for google-chrome
2025-09-05 03:21:14,757 - INFO - WebDriver version 139.0.7258.154 selected
2025-09-05 03:21:14,760 - INFO - Modern chrome version https://storage.googleapis.com/chrome-for-testing-public/139.0.7258.154/mac-arm64/chromedriver-mac-arm64.zip
2025-09-05 03:21:14,760 - INFO - About to download new driver from https://storage.googleapis.com/chrome-for-testing-public/139.0.7258.154/mac-arm64/chromedriver-mac-arm64.zip
2025-09-05 03:21:15,962 - INFO - Driver downloading response is 200
2025-09-05 03:21:19,490 - INFO - Get LATEST chromedriver version for google-chrome
2025-09-05 03:21:20,227 - INFO - Driver has been saved in cache [/Users/samueladeyemi/.wdm/drivers/chromedriver/mac64/139.0.7258.154]
2025-09-05 03:21:20,764 - INFO - Selenium WebDriver initialized successfully
2025-09-05 03:21:37,376 - INFO - Found 64 WebP videos on https://eyecannndy.com/technique/aerial
2025-09-05 03:21:37,377 - INFO - Scraping page 2/50: https://eyecannndy.com/technique/trip
2025-09-05 03:21:39,268 - ERROR - Request failed for https://eyecannndy.com/technique/trip: 403 Client Error: Forbidden for url: https://eyecannndy.com/technique/trip
2025-09-05 03:21:46,034 - INFO - Found 211 WebP videos on https://eyecannndy.com/technique/trip
2025-09-05 03:21:46,034 - INFO - Scraping page 3/50: https://eyecannndy.com/technique/traditional
2025-09-05 03:21:48,866 - ERROR - Request failed for https://eyecannndy.com/technique/traditional: 403 Client Error: Forbidden for url: https://eyecannndy.com/technique/traditional
2025-09-05 03:21:57,694 - INFO - Found 437 WebP videos on https://eyecannndy.com/technique/traditional
2025-09-05 03:21:57,694 - INFO - Scraping page 4/50: https://eyecannndy.com/technique/anthropomorphism
2025-09-05 03:21:59,404 - ERROR - Request failed for https://eyecannndy.com/technique/anthropomorphism: 403 Client Error: Forbidden for url: https://eyecannndy.com/technique/anthropomorphism
2025-09-05 03:22:05,959 - INFO - Found 59 WebP videos on https://eyecannndy.com/technique/anthropomorphism
2025-09-05 03:22:05,960 - INFO - Scraping page 5/50: https://eyecannndy.com/technique/arc-movement
2025-09-05 03:22:07,720 - ERROR - Request failed for https://eyecannndy.com/technique/arc-movement: 403 Client Error: Forbidden for url: https://eyecannndy.com/technique/arc-movement
2025-09-05 03:22:13,926 - INFO - Found 230 WebP videos on https://eyecannndy.com/technique/arc-movement
2025-09-05 03:22:13,927 - INFO - Scraping page 6/50: https://eyecannndy.com/technique/architexture
2025-09-05 03:22:15,626 - ERROR - Request failed for https://eyecannndy.com/technique/architexture: 403 Client Error: Forbidden for url: https://eyecannndy.com/technique/architexture
2025-09-05 03:22:19,761 - INFO - Found 80 WebP videos on https://eyecannndy.com/technique/architexture
2025-09-05 03:22:19,761 - INFO - Scraping page 7/50: https://eyecannndy.com/technique/bolt-cam
2025-09-05 03:22:21,435 - ERROR - Request failed for https://eyecannndy.com/technique/bolt-cam: 403 Client Error: Forbidden for url: https://eyecannndy.com/technique/bolt-cam
2025-09-05 03:22:25,210 - INFO - Found 34 WebP videos on https://eyecannndy.com/technique/bolt-cam
2025-09-05 03:22:25,210 - INFO - Scraping page 8/50: https://eyecannndy.com/technique/boomerang
2025-09-05 03:22:26,970 - ERROR - Request failed for https://eyecannndy.com/technique/boomerang: 403 Client Error: Forbidden for url: https://eyecannndy.com/technique/boomerang
2025-09-05 03:22:30,857 - INFO - Found 12 WebP videos on https://eyecannndy.com/technique/boomerang
2025-09-05 03:22:30,857 - INFO - Scraping page 9/50: https://eyecannndy.com/technique/breakdown
2025-09-05 03:22:32,598 - ERROR - Request failed for https://eyecannndy.com/technique/breakdown: 403 Client Error: Forbidden for url: https://eyecannndy.com/technique/breakdown
2025-09-05 03:22:37,950 - INFO - Found 53 WebP videos on https://eyecannndy.com/technique/breakdown
2025-09-05 03:22:37,951 - INFO - Scraping page 10/50: https://eyecannndy.com/technique/bullet-time
2025-09-05 03:22:41,151 - ERROR - Request failed for https://eyecannndy.com/technique/bullet-time: 403 Client Error: Forbidden for url: https://eyecannndy.com/technique/bullet-time
2025-09-05 03:22:46,030 - INFO - Found 51 WebP videos on https://eyecannndy.com/technique/bullet-time
2025-09-05 03:22:46,048 - INFO - Data saved to data/eyecandy_videos_20250905_032246.json and data/eyecandy_videos_20250905_032246.csv
2025-09-05 03:22:46,048 - INFO - Progress saved. Total videos found: 1231
2025-09-05 03:22:46,048 - INFO - Scraping page 11/50: https://eyecannndy.com/technique/camera-roll
2025-09-05 03:22:47,739 - ERROR - Request failed for https://eyecannndy.com/technique/camera-roll: 403 Client Error: Forbidden for url: https://eyecannndy.com/technique/camera-roll
2025-09-05 03:22:51,607 - INFO - Found 85 WebP videos on https://eyecannndy.com/technique/camera-roll
2025-09-05 03:22:51,607 - INFO - Scraping page 12/50: https://eyecannndy.com/technique/central-framing
2025-09-05 03:22:54,793 - ERROR - Request failed for https://eyecannndy.com/technique/central-framing: 403 Client Error: Forbidden for url: https://eyecannndy.com/technique/central-framing
2025-09-05 03:22:58,686 - INFO - Found 120 WebP videos on https://eyecannndy.com/technique/central-framing
2025-09-05 03:22:58,686 - INFO - Scraping page 13/50: https://eyecannndy.com/technique/choreo
2025-09-05 03:23:00,742 - ERROR - Request failed for https://eyecannndy.com/technique/choreo: 403 Client Error: Forbidden for url: https://eyecannndy.com/technique/choreo
2025-09-05 03:23:04,560 - INFO - Found 57 WebP videos on https://eyecannndy.com/technique/choreo
2025-09-05 03:23:04,560 - INFO - Scraping page 14/50: https://eyecannndy.com/technique/cinemagraph
2025-09-05 03:23:06,514 - ERROR - Request failed for https://eyecannndy.com/technique/cinemagraph: 403 Client Error: Forbidden for url: https://eyecannndy.com/technique/cinemagraph
2025-09-05 03:23:10,141 - INFO - Found 84 WebP videos on https://eyecannndy.com/technique/cinemagraph
2025-09-05 03:23:10,141 - INFO - Scraping page 15/50: https://eyecannndy.com/technique/close-up
2025-09-05 03:23:12,298 - ERROR - Request failed for https://eyecannndy.com/technique/close-up: 403 Client Error: Forbidden for url: https://eyecannndy.com/technique/close-up
2025-09-05 03:23:30,583 - INFO - Found 556 WebP videos on https://eyecannndy.com/technique/close-up
2025-09-05 03:23:30,584 - INFO - Scraping page 16/50: https://eyecannndy.com/technique/collage
2025-09-05 03:23:32,326 - ERROR - Request failed for https://eyecannndy.com/technique/collage: 403 Client Error: Forbidden for url: https://eyecannndy.com/technique/collage
2025-09-05 03:23:43,461 - INFO - Found 125 WebP videos on https://eyecannndy.com/technique/collage
2025-09-05 03:23:43,461 - INFO - Scraping page 17/50: https://eyecannndy.com/technique/color-shift
2025-09-05 03:23:45,200 - ERROR - Request failed for https://eyecannndy.com/technique/color-shift: 403 Client Error: Forbidden for url: https://eyecannndy.com/technique/color-shift
2025-09-05 03:23:48,817 - INFO - Found 52 WebP videos on https://eyecannndy.com/technique/color-shift
2025-09-05 03:23:48,818 - INFO - Scraping page 18/50: https://eyecannndy.com/technique/conveyor
2025-09-05 03:23:50,570 - ERROR - Request failed for https://eyecannndy.com/technique/conveyor: 403 Client Error: Forbidden for url: https://eyecannndy.com/technique/conveyor
2025-09-05 03:23:54,238 - INFO - Found 73 WebP videos on https://eyecannndy.com/technique/conveyor
2025-09-05 03:23:54,239 - INFO - Scraping page 19/50: https://eyecannndy.com/technique/crash-transition
2025-09-05 03:23:55,976 - ERROR - Request failed for https://eyecannndy.com/technique/crash-transition: 403 Client Error: Forbidden for url: https://eyecannndy.com/technique/crash-transition
2025-09-05 03:23:59,493 - INFO - Found 12 WebP videos on https://eyecannndy.com/technique/crash-transition
2025-09-05 03:23:59,493 - INFO - Scraping page 20/50: https://eyecannndy.com/technique/cut-ins
2025-09-05 03:24:01,199 - ERROR - Request failed for https://eyecannndy.com/technique/cut-ins: 403 Client Error: Forbidden for url: https://eyecannndy.com/technique/cut-ins
2025-09-05 03:24:04,855 - INFO - Found 60 WebP videos on https://eyecannndy.com/technique/cut-ins
2025-09-05 03:24:04,896 - INFO - Data saved to data/eyecandy_videos_20250905_032404.json and data/eyecandy_videos_20250905_032404.csv
2025-09-05 03:24:04,896 - INFO - Progress saved. Total videos found: 2455
2025-09-05 03:24:04,896 - INFO - Scraping page 21/50: https://eyecannndy.com/technique/datamosh
2025-09-05 03:24:06,538 - ERROR - Request failed for https://eyecannndy.com/technique/datamosh: 403 Client Error: Forbidden for url: https://eyecannndy.com/technique/datamosh
2025-09-05 03:24:10,149 - INFO - Found 65 WebP videos on https://eyecannndy.com/technique/datamosh
2025-09-05 03:24:10,149 - INFO - Scraping page 22/50: https://eyecannndy.com/technique/model
2025-09-05 03:24:11,819 - ERROR - Request failed for https://eyecannndy.com/technique/model: 403 Client Error: Forbidden for url: https://eyecannndy.com/technique/model
2025-09-05 03:24:15,395 - INFO - Found 45 WebP videos on https://eyecannndy.com/technique/model
2025-09-05 03:24:15,395 - INFO - Scraping page 23/50: https://eyecannndy.com/technique/distortions
2025-09-05 03:24:17,130 - ERROR - Request failed for https://eyecannndy.com/technique/distortions: 403 Client Error: Forbidden for url: https://eyecannndy.com/technique/distortions
2025-09-05 03:24:20,626 - INFO - Found 26 WebP videos on https://eyecannndy.com/technique/distortions
2025-09-05 03:24:20,626 - INFO - Scraping page 24/50: https://eyecannndy.com/technique/dolly-shot
2025-09-05 03:24:22,356 - ERROR - Request failed for https://eyecannndy.com/technique/dolly-shot: 403 Client Error: Forbidden for url: https://eyecannndy.com/technique/dolly-shot
2025-09-05 03:24:34,493 - INFO - Found 145 WebP videos on https://eyecannndy.com/technique/dolly-shot
2025-09-05 03:24:34,494 - INFO - Scraping page 25/50: https://eyecannndy.com/technique/dolly-zoom
2025-09-05 03:24:36,271 - ERROR - Request failed for https://eyecannndy.com/technique/dolly-zoom: 403 Client Error: Forbidden for url: https://eyecannndy.com/technique/dolly-zoom
2025-09-05 03:24:39,900 - INFO - Found 71 WebP videos on https://eyecannndy.com/technique/dolly-zoom
2025-09-05 03:24:39,900 - INFO - Scraping page 26/50: https://eyecannndy.com/technique/double-dolly
2025-09-05 03:24:42,294 - ERROR - Request failed for https://eyecannndy.com/technique/double-dolly: 403 Client Error: Forbidden for url: https://eyecannndy.com/technique/double-dolly
2025-09-05 03:24:46,127 - INFO - Found 40 WebP videos on https://eyecannndy.com/technique/double-dolly
2025-09-05 03:24:46,127 - INFO - Scraping page 27/50: https://eyecannndy.com/technique/double-exposure
2025-09-05 03:24:47,994 - ERROR - Request failed for https://eyecannndy.com/technique/double-exposure: 403 Client Error: Forbidden for url: https://eyecannndy.com/technique/double-exposure
2025-09-05 03:24:51,975 - INFO - Found 89 WebP videos on https://eyecannndy.com/technique/double-exposure
2025-09-05 03:24:51,975 - INFO - Scraping page 28/50: https://eyecannndy.com/technique/dreamcore
2025-09-05 03:24:55,231 - ERROR - Request failed for https://eyecannndy.com/technique/dreamcore: 403 Client Error: Forbidden for url: https://eyecannndy.com/technique/dreamcore
2025-09-05 03:24:58,892 - INFO - Found 56 WebP videos on https://eyecannndy.com/technique/dreamcore
2025-09-05 03:24:58,893 - INFO - Scraping page 29/50: https://eyecannndy.com/technique/duplication
2025-09-05 03:25:00,685 - ERROR - Request failed for https://eyecannndy.com/technique/duplication: 403 Client Error: Forbidden for url: https://eyecannndy.com/technique/duplication
2025-09-05 03:25:05,172 - INFO - Found 143 WebP videos on https://eyecannndy.com/technique/duplication
2025-09-05 03:25:05,172 - INFO - Scraping page 30/50: https://eyecannndy.com/technique/dutch-angle
2025-09-05 03:25:06,968 - ERROR - Request failed for https://eyecannndy.com/technique/dutch-angle: 403 Client Error: Forbidden for url: https://eyecannndy.com/technique/dutch-angle
2025-09-05 03:25:11,076 - INFO - Found 71 WebP videos on https://eyecannndy.com/technique/dutch-angle
2025-09-05 03:25:11,132 - INFO - Data saved to data/eyecandy_videos_20250905_032511.json and data/eyecandy_videos_20250905_032511.csv
2025-09-05 03:25:11,133 - INFO - Progress saved. Total videos found: 3206
2025-09-05 03:25:11,133 - INFO - Scraping page 31/50: https://eyecannndy.com/technique/dystopian
2025-09-05 03:25:12,808 - ERROR - Request failed for https://eyecannndy.com/technique/dystopian: 403 Client Error: Forbidden for url: https://eyecannndy.com/technique/dystopian
2025-09-05 03:25:16,449 - INFO - Found 43 WebP videos on https://eyecannndy.com/technique/dystopian
2025-09-05 03:25:16,449 - INFO - Scraping page 32/50: https://eyecannndy.com/technique/echo-printing
2025-09-05 03:25:18,478 - ERROR - Request failed for https://eyecannndy.com/technique/echo-printing: 403 Client Error: Forbidden for url: https://eyecannndy.com/technique/echo-printing
2025-09-05 03:25:23,500 - INFO - Found 72 WebP videos on https://eyecannndy.com/technique/echo-printing
2025-09-05 03:25:23,500 - INFO - Scraping page 33/50: https://eyecannndy.com/technique/epiphany-shot
2025-09-05 03:25:25,295 - ERROR - Request failed for https://eyecannndy.com/technique/epiphany-shot: 403 Client Error: Forbidden for url: https://eyecannndy.com/technique/epiphany-shot
2025-09-05 03:25:28,851 - INFO - Found 40 WebP videos on https://eyecannndy.com/technique/epiphany-shot
2025-09-05 03:25:28,851 - INFO - Scraping page 34/50: https://eyecannndy.com/technique/falling
2025-09-05 03:25:33,447 - ERROR - Request failed for https://eyecannndy.com/technique/falling: 403 Client Error: Forbidden for url: https://eyecannndy.com/technique/falling
2025-09-05 03:25:38,626 - INFO - Found 90 WebP videos on https://eyecannndy.com/technique/falling
2025-09-05 03:25:38,626 - INFO - Scraping page 35/50: https://eyecannndy.com/technique/undercranking
2025-09-05 03:25:44,440 - ERROR - Request failed for https://eyecannndy.com/technique/undercranking: 403 Client Error: Forbidden for url: https://eyecannndy.com/technique/undercranking
2025-09-05 03:25:54,713 - INFO - Found 181 WebP videos on https://eyecannndy.com/technique/undercranking
2025-09-05 03:25:54,714 - INFO - Scraping page 36/50: https://eyecannndy.com/technique/glitch
2025-09-05 03:25:56,670 - ERROR - Request failed for https://eyecannndy.com/technique/glitch: 403 Client Error: Forbidden for url: https://eyecannndy.com/technique/glitch
2025-09-05 03:26:00,398 - INFO - Found 71 WebP videos on https://eyecannndy.com/technique/glitch
2025-09-05 03:26:00,398 - INFO - Scraping page 37/50: https://eyecannndy.com/technique/first-person-pov
2025-09-05 03:26:05,851 - ERROR - Request failed for https://eyecannndy.com/technique/first-person-pov: 403 Client Error: Forbidden for url: https://eyecannndy.com/technique/first-person-pov
2025-09-05 03:26:10,941 - INFO - Found 157 WebP videos on https://eyecannndy.com/technique/first-person-pov
2025-09-05 03:26:10,941 - INFO - Scraping page 38/50: https://eyecannndy.com/technique/fisheye
2025-09-05 03:26:13,713 - ERROR - Request failed for https://eyecannndy.com/technique/fisheye: 403 Client Error: Forbidden for url: https://eyecannndy.com/technique/fisheye
2025-09-05 03:26:17,468 - INFO - Found 49 WebP videos on https://eyecannndy.com/technique/fisheye
2025-09-05 03:26:17,468 - INFO - Scraping page 39/50: https://eyecannndy.com/technique/fixed-camera
2025-09-05 03:26:22,218 - ERROR - Request failed for https://eyecannndy.com/technique/fixed-camera: 403 Client Error: Forbidden for url: https://eyecannndy.com/technique/fixed-camera
2025-09-05 03:26:32,344 - INFO - Found 187 WebP videos on https://eyecannndy.com/technique/fixed-camera
2025-09-05 03:26:32,344 - INFO - Scraping page 40/50: https://eyecannndy.com/technique/flash-cut
2025-09-05 03:26:37,095 - ERROR - Request failed for https://eyecannndy.com/technique/flash-cut: 403 Client Error: Forbidden for url: https://eyecannndy.com/technique/flash-cut
2025-09-05 03:26:45,065 - INFO - Found 103 WebP videos on https://eyecannndy.com/technique/flash-cut
2025-09-05 03:26:45,117 - INFO - Data saved to data/eyecandy_videos_20250905_032645.json and data/eyecandy_videos_20250905_032645.csv
2025-09-05 03:26:45,117 - INFO - Progress saved. Total videos found: 4199
2025-09-05 03:26:45,117 - INFO - Scraping page 41/50: https://eyecannndy.com/technique/digital-overlay
2025-09-05 03:26:47,780 - ERROR - Request failed for https://eyecannndy.com/technique/digital-overlay: 403 Client Error: Forbidden for url: https://eyecannndy.com/technique/digital-overlay
2025-09-05 03:26:51,408 - INFO - Found 52 WebP videos on https://eyecannndy.com/technique/digital-overlay
2025-09-05 03:26:51,408 - INFO - Scraping page 42/50: https://eyecannndy.com/technique/focal-shift
2025-09-05 03:26:54,800 - ERROR - Request failed for https://eyecannndy.com/technique/focal-shift: 403 Client Error: Forbidden for url: https://eyecannndy.com/technique/focal-shift
2025-09-05 03:27:00,720 - INFO - Found 36 WebP videos on https://eyecannndy.com/technique/focal-shift
2025-09-05 03:27:00,720 - INFO - Scraping page 43/50: https://eyecannndy.com/technique/fourth-wall
2025-09-05 03:27:05,212 - ERROR - Request failed for https://eyecannndy.com/technique/fourth-wall: 403 Client Error: Forbidden for url: https://eyecannndy.com/technique/fourth-wall
2025-09-05 03:27:14,237 - INFO - Found 131 WebP videos on https://eyecannndy.com/technique/fourth-wall
2025-09-05 03:27:14,237 - INFO - Scraping page 44/50: https://eyecannndy.com/technique/fpv-drone
2025-09-05 03:27:17,768 - ERROR - Request failed for https://eyecannndy.com/technique/fpv-drone: 403 Client Error: Forbidden for url: https://eyecannndy.com/technique/fpv-drone
2025-09-05 03:27:21,627 - INFO - Found 95 WebP videos on https://eyecannndy.com/technique/fpv-drone
2025-09-05 03:27:21,627 - INFO - Scraping page 45/50: https://eyecannndy.com/technique/freeze-frame
2025-09-05 03:27:24,639 - ERROR - Request failed for https://eyecannndy.com/technique/freeze-frame: 403 Client Error: Forbidden for url: https://eyecannndy.com/technique/freeze-frame
2025-09-05 03:27:29,146 - INFO - Found 30 WebP videos on https://eyecannndy.com/technique/freeze-frame
2025-09-05 03:27:29,146 - INFO - Scraping page 46/50: https://eyecannndy.com/technique/generative
2025-09-05 03:27:31,694 - ERROR - Request failed for https://eyecannndy.com/technique/generative: 403 Client Error: Forbidden for url: https://eyecannndy.com/technique/generative
2025-09-05 03:27:35,333 - INFO - Found 37 WebP videos on https://eyecannndy.com/technique/generative
2025-09-05 03:27:35,333 - INFO - Scraping page 47/50: https://eyecannndy.com/technique/digital-gesture
2025-09-05 03:27:38,351 - ERROR - Request failed for https://eyecannndy.com/technique/digital-gesture: 403 Client Error: Forbidden for url: https://eyecannndy.com/technique/digital-gesture
2025-09-05 03:27:56,862 - INFO - Found 18 WebP videos on https://eyecannndy.com/technique/digital-gesture
2025-09-05 03:27:56,863 - INFO - Scraping page 48/50: https://eyecannndy.com/technique/ground-shot
2025-09-05 03:27:58,622 - ERROR - Request failed for https://eyecannndy.com/technique/ground-shot: 403 Client Error: Forbidden for url: https://eyecannndy.com/technique/ground-shot
2025-09-05 03:28:02,730 - INFO - Found 93 WebP videos on https://eyecannndy.com/technique/ground-shot
2025-09-05 03:28:02,730 - INFO - Scraping page 49/50: https://eyecannndy.com/technique/halation
2025-09-05 03:28:06,914 - ERROR - Request failed for https://eyecannndy.com/technique/halation: 403 Client Error: Forbidden for url: https://eyecannndy.com/technique/halation
2025-09-05 03:28:10,740 - INFO - Found 39 WebP videos on https://eyecannndy.com/technique/halation
2025-09-05 03:28:10,741 - INFO - Scraping page 50/50: https://eyecannndy.com/technique/shaky-cam
2025-09-05 03:28:14,390 - ERROR - Request failed for https://eyecannndy.com/technique/shaky-cam: 403 Client Error: Forbidden for url: https://eyecannndy.com/technique/shaky-cam
2025-09-05 03:28:19,175 - INFO - Found 95 WebP videos on https://eyecannndy.com/technique/shaky-cam
2025-09-05 03:28:19,243 - INFO - Data saved to data/eyecandy_videos_20250905_032819.json and data/eyecandy_videos_20250905_032819.csv
2025-09-05 03:28:19,243 - INFO - Progress saved. Total videos found: 4825
2025-09-05 03:28:19,308 - INFO - Data saved to data/eyecandy_videos_20250905_032819.json and data/eyecandy_videos_20250905_032819.csv
2025-09-05 03:28:19,308 - INFO - Scraping completed! Found 4825 WebP videos across 1 categories.
2025-09-05 03:28:20,949 - INFO - Selenium driver closed successfully
2025-09-05 04:49:41,294 - INFO - Starting Eyecandy scraper...
2025-09-05 04:49:41,295 - INFO - Generated 137 technique pages for scraping
2025-09-05 04:49:41,295 - INFO - Scraping 50 pages...
2025-09-05 04:49:41,295 - INFO - Scraping page 1/50: https://eyecannndy.com/technique/aerial
2025-09-05 04:49:43,215 - ERROR - Request failed for https://eyecannndy.com/technique/aerial: 403 Client Error: Forbidden for url: https://eyecannndy.com/technique/aerial
2025-09-05 04:49:43,219 - INFO - ====== WebDriver manager ======
2025-09-05 04:49:43,380 - INFO - Get LATEST chromedriver version for google-chrome
2025-09-05 04:49:44,048 - INFO - Get LATEST chromedriver version for google-chrome
2025-09-05 04:49:44,669 - INFO - Driver [/Users/samueladeyemi/.wdm/drivers/chromedriver/mac64/139.0.7258.154/chromedriver-mac-arm64/chromedriver] found in cache
2025-09-05 04:49:45,222 - INFO - Selenium WebDriver initialized successfully
2025-09-05 04:49:52,711 - INFO - Found 64 WebP videos on https://eyecannndy.com/technique/aerial
2025-09-05 04:49:52,711 - INFO - Scraping page 2/50: https://eyecannndy.com/technique/trip
2025-09-05 04:49:55,012 - ERROR - Request failed for https://eyecannndy.com/technique/trip: 403 Client Error: Forbidden for url: https://eyecannndy.com/technique/trip
